<?xml version="1.0" encoding="UTF-8"?>
<coverage generated="1685351628875" clover="3.2.0">
  <project timestamp="1685351628875" name="All files">
    <metrics statements="305" coveredstatements="260" conditionals="169" coveredconditionals="118" methods="30" coveredmethods="25" elements="504" coveredelements="403" complexity="0" loc="305" ncloc="305" packages="1" files="6" classes="6"/>
    <file name="OneVariableRPN.js" path="C:\Users\Егор\Desktop\OOOP-2-Sem\First Lab\script\classes\OneVariableRPN.js">
      <metrics statements="110" coveredstatements="98" conditionals="67" coveredconditionals="50" methods="6" coveredmethods="6"/>
      <line num="9" count="27" type="stmt"/>
      <line num="14" count="318" type="stmt"/>
      <line num="18" count="3" type="stmt"/>
      <line num="19" count="3" type="stmt"/>
      <line num="21" count="3" type="stmt"/>
      <line num="23" count="3" type="stmt"/>
      <line num="24" count="15" type="stmt"/>
      <line num="25" count="15" type="stmt"/>
      <line num="26" count="15" type="stmt"/>
      <line num="27" count="15" type="stmt"/>
      <line num="30" count="15" type="cond" truecount="1" falsecount="1"/>
      <line num="31" count="0" type="stmt"/>
      <line num="32" count="0" type="stmt"/>
      <line num="33" count="15" type="cond" truecount="1" falsecount="1"/>
      <line num="34" count="0" type="cond" truecount="0" falsecount="2"/>
      <line num="35" count="0" type="stmt"/>
      <line num="38" count="15" type="cond" truecount="3" falsecount="1"/>
      <line num="40" count="15" type="cond" truecount="2" falsecount="0"/>
      <line num="42" count="1" type="stmt"/>
      <line num="43" count="1" type="cond" truecount="1" falsecount="1"/>
      <line num="44" count="0" type="stmt"/>
      <line num="47" count="3" type="stmt"/>
      <line num="51" count="467" type="stmt"/>
      <line num="52" count="467" type="stmt"/>
      <line num="53" count="467" type="stmt"/>
      <line num="56" count="467" type="stmt"/>
      <line num="57" count="1549" type="cond" truecount="18" falsecount="2"/>
      <line num="59" count="509" type="stmt"/>
      <line num="60" count="509" type="stmt"/>
      <line num="62" count="362" type="stmt"/>
      <line num="63" count="362" type="stmt"/>
      <line num="65" count="15" type="stmt"/>
      <line num="67" count="15" type="cond" truecount="1" falsecount="1"/>
      <line num="69" count="15" type="stmt"/>
      <line num="70" count="15" type="stmt"/>
      <line num="72" count="9" type="stmt"/>
      <line num="74" count="9" type="cond" truecount="1" falsecount="1"/>
      <line num="76" count="9" type="stmt"/>
      <line num="77" count="9" type="stmt"/>
      <line num="79" count="22" type="stmt"/>
      <line num="80" count="22" type="stmt"/>
      <line num="81" count="22" type="stmt"/>
      <line num="83" count="19" type="stmt"/>
      <line num="84" count="19" type="stmt"/>
      <line num="85" count="19" type="stmt"/>
      <line num="87" count="9" type="stmt"/>
      <line num="88" count="9" type="stmt"/>
      <line num="89" count="9" type="stmt"/>
      <line num="91" count="6" type="stmt"/>
      <line num="92" count="6" type="stmt"/>
      <line num="93" count="6" type="stmt"/>
      <line num="95" count="9" type="stmt"/>
      <line num="96" count="9" type="stmt"/>
      <line num="97" count="9" type="stmt"/>
      <line num="99" count="12" type="stmt"/>
      <line num="100" count="12" type="stmt"/>
      <line num="101" count="12" type="stmt"/>
      <line num="103" count="15" type="stmt"/>
      <line num="104" count="15" type="stmt"/>
      <line num="105" count="15" type="stmt"/>
      <line num="107" count="9" type="stmt"/>
      <line num="108" count="9" type="stmt"/>
      <line num="109" count="9" type="stmt"/>
      <line num="111" count="0" type="stmt"/>
      <line num="112" count="0" type="stmt"/>
      <line num="113" count="0" type="stmt"/>
      <line num="115" count="12" type="stmt"/>
      <line num="116" count="12" type="stmt"/>
      <line num="118" count="12" type="cond" truecount="4" falsecount="1"/>
      <line num="120" count="12" type="cond" truecount="1" falsecount="1"/>
      <line num="121" count="12" type="stmt"/>
      <line num="123" count="0" type="stmt"/>
      <line num="124" count="0" type="stmt"/>
      <line num="125" count="0" type="stmt"/>
      <line num="127" count="61" type="stmt"/>
      <line num="128" count="61" type="stmt"/>
      <line num="129" count="61" type="cond" truecount="2" falsecount="0"/>
      <line num="130" count="61" type="stmt"/>
      <line num="132" count="237" type="stmt"/>
      <line num="133" count="237" type="stmt"/>
      <line num="134" count="237" type="cond" truecount="2" falsecount="0"/>
      <line num="135" count="237" type="stmt"/>
      <line num="137" count="40" type="stmt"/>
      <line num="138" count="40" type="stmt"/>
      <line num="139" count="40" type="cond" truecount="1" falsecount="1"/>
      <line num="140" count="40" type="stmt"/>
      <line num="142" count="136" type="stmt"/>
      <line num="143" count="136" type="stmt"/>
      <line num="144" count="136" type="cond" truecount="2" falsecount="0"/>
      <line num="145" count="136" type="stmt"/>
      <line num="147" count="67" type="stmt"/>
      <line num="148" count="67" type="stmt"/>
      <line num="150" count="67" type="cond" truecount="3" falsecount="1"/>
      <line num="152" count="67" type="cond" truecount="2" falsecount="0"/>
      <line num="153" count="67" type="stmt"/>
      <line num="156" count="1549" type="stmt"/>
      <line num="159" count="467" type="stmt"/>
      <line num="163" count="18" type="stmt"/>
      <line num="164" count="18" type="stmt"/>
      <line num="166" count="18" type="stmt"/>
      <line num="167" count="96" type="stmt"/>
      <line num="168" count="96" type="stmt"/>
      <line num="171" count="18" type="stmt"/>
      <line num="175" count="65" type="stmt"/>
      <line num="177" count="65" type="cond" truecount="2" falsecount="0"/>
      <line num="178" count="41" type="stmt"/>
      <line num="181" count="24" type="cond" truecount="1" falsecount="1"/>
      <line num="182" count="24" type="stmt"/>
      <line num="184" count="24" type="stmt"/>
      <line num="187" count="0" type="stmt"/>
    </file>
    <file name="Operand.js" path="C:\Users\Егор\Desktop\OOOP-2-Sem\First Lab\script\classes\Operand.js">
      <metrics statements="2" coveredstatements="2" conditionals="0" coveredconditionals="0" methods="1" coveredmethods="1"/>
      <line num="3" count="65" type="stmt"/>
      <line num="4" count="65" type="stmt"/>
    </file>
    <file name="Point.js" path="C:\Users\Егор\Desktop\OOOP-2-Sem\First Lab\script\classes\Point.js">
      <metrics statements="2" coveredstatements="0" conditionals="0" coveredconditionals="0" methods="1" coveredmethods="0"/>
      <line num="3" count="0" type="stmt"/>
      <line num="4" count="0" type="stmt"/>
    </file>
    <file name="Queue.js" path="C:\Users\Егор\Desktop\OOOP-2-Sem\First Lab\script\classes\Queue.js">
      <metrics statements="36" coveredstatements="33" conditionals="6" coveredconditionals="4" methods="6" coveredmethods="4"/>
      <line num="2" count="2190" type="stmt"/>
      <line num="3" count="2190" type="stmt"/>
      <line num="4" count="2190" type="stmt"/>
      <line num="5" count="2190" type="stmt"/>
      <line num="6" count="2190" type="stmt"/>
      <line num="9" count="0" type="stmt"/>
      <line num="13" count="1673" type="stmt"/>
      <line num="14" count="1673" type="stmt"/>
      <line num="15" count="1673" type="stmt"/>
      <line num="17" count="1673" type="cond" truecount="2" falsecount="0"/>
      <line num="18" count="513" type="stmt"/>
      <line num="19" count="513" type="stmt"/>
      <line num="20" count="513" type="stmt"/>
      <line num="23" count="1160" type="stmt"/>
      <line num="24" count="1160" type="stmt"/>
      <line num="28" count="2016" type="cond" truecount="2" falsecount="0"/>
      <line num="30" count="1549" type="stmt"/>
      <line num="31" count="1549" type="stmt"/>
      <line num="32" count="1549" type="stmt"/>
      <line num="33" count="1549" type="stmt"/>
      <line num="37" count="0" type="cond" truecount="0" falsecount="2"/>
      <line num="38" count="0" type="stmt"/>
      <line num="42" count="473" type="stmt"/>
      <line num="43" count="473" type="stmt"/>
      <line num="45" count="473" type="stmt"/>
      <line num="46" count="1563" type="stmt"/>
      <line num="47" count="1563" type="stmt"/>
      <line num="50" count="473" type="stmt"/>
      <line num="54" count="3" type="stmt"/>
      <line num="57" count="3" type="stmt"/>
      <line num="58" count="6" type="stmt"/>
      <line num="59" count="6" type="stmt"/>
      <line num="61" count="6" type="stmt"/>
      <line num="62" count="14" type="stmt"/>
      <line num="63" count="14" type="stmt"/>
      <line num="67" count="3" type="stmt"/>
    </file>
    <file name="RPN.js" path="C:\Users\Егор\Desktop\OOOP-2-Sem\First Lab\script\classes\RPN.js">
      <metrics statements="138" coveredstatements="111" conditionals="92" coveredconditionals="60" methods="12" coveredmethods="11"/>
      <line num="7" count="27" type="stmt"/>
      <line num="8" count="27" type="stmt"/>
      <line num="10" count="27" type="cond" truecount="3" falsecount="1"/>
      <line num="11" count="0" type="stmt"/>
      <line num="14" count="27" type="stmt"/>
      <line num="15" count="27" type="stmt"/>
      <line num="19" count="3" type="stmt"/>
      <line num="21" count="3" type="cond" truecount="3" falsecount="1"/>
      <line num="22" count="0" type="stmt"/>
      <line num="25" count="3" type="stmt"/>
      <line num="26" count="3" type="stmt"/>
      <line num="27" count="3" type="stmt"/>
      <line num="28" count="3" type="stmt"/>
      <line num="29" count="3" type="stmt"/>
      <line num="31" count="3" type="stmt"/>
      <line num="35" count="0" type="stmt"/>
      <line num="36" count="0" type="stmt"/>
      <line num="37" count="0" type="stmt"/>
      <line num="39" count="0" type="stmt"/>
      <line num="42" count="1" type="stmt"/>
      <line num="55" count="41" type="stmt"/>
      <line num="56" count="41" type="stmt"/>
      <line num="57" count="41" type="stmt"/>
      <line num="58" count="41" type="stmt"/>
      <line num="59" count="41" type="stmt"/>
      <line num="60" count="41" type="stmt"/>
      <line num="63" count="41" type="cond" truecount="2" falsecount="0"/>
      <line num="65" count="37" type="stmt"/>
      <line num="66" count="107" type="cond" truecount="2" falsecount="0"/>
      <line num="67" count="65" type="stmt"/>
      <line num="68" count="65" type="cond" truecount="1" falsecount="1"/>
      <line num="69" count="65" type="stmt"/>
      <line num="70" count="65" type="stmt"/>
      <line num="71" count="65" type="stmt"/>
      <line num="72" count="65" type="stmt"/>
      <line num="75" count="0" type="stmt"/>
      <line num="77" count="0" type="cond" truecount="0" falsecount="5"/>
      <line num="79" count="0" type="cond" truecount="0" falsecount="2"/>
      <line num="80" count="0" type="cond" truecount="0" falsecount="4"/>
      <line num="82" count="0" type="stmt"/>
      <line num="83" count="0" type="stmt"/>
      <line num="84" count="0" type="stmt"/>
      <line num="87" count="0" type="stmt"/>
      <line num="88" count="0" type="stmt"/>
      <line num="89" count="0" type="stmt"/>
      <line num="91" count="0" type="stmt"/>
      <line num="94" count="42" type="stmt"/>
      <line num="96" count="42" type="cond" truecount="3" falsecount="1"/>
      <line num="98" count="42" type="cond" truecount="2" falsecount="0"/>
      <line num="99" count="13" type="stmt"/>
      <line num="101" count="13" type="cond" truecount="2" falsecount="0"/>
      <line num="102" count="2" type="stmt"/>
      <line num="103" count="2" type="stmt"/>
      <line num="106" count="13" type="cond" truecount="1" falsecount="1"/>
      <line num="108" count="0" type="stmt"/>
      <line num="109" count="0" type="stmt"/>
      <line num="112" count="29" type="stmt"/>
      <line num="114" count="29" type="cond" truecount="2" falsecount="0"/>
      <line num="115" count="11" type="stmt"/>
      <line num="116" count="11" type="stmt"/>
      <line num="119" count="29" type="cond" truecount="2" falsecount="0"/>
      <line num="120" count="1" type="cond" truecount="1" falsecount="1"/>
      <line num="122" count="1" type="stmt"/>
      <line num="125" count="28" type="stmt"/>
      <line num="126" count="28" type="stmt"/>
      <line num="129" count="23" type="cond" truecount="3" falsecount="1"/>
      <line num="131" count="23" type="stmt"/>
      <line num="132" count="15" type="stmt"/>
      <line num="135" count="23" type="stmt"/>
      <line num="139" count="65" type="stmt"/>
      <line num="142" count="65" type="stmt"/>
      <line num="143" count="16" type="stmt"/>
      <line num="144" count="16" type="cond" truecount="1" falsecount="1"/>
      <line num="148" count="65" type="stmt"/>
      <line num="150" count="65" type="cond" truecount="2" falsecount="0"/>
      <line num="151" count="28" type="stmt"/>
      <line num="152" count="28" type="stmt"/>
      <line num="155" count="37" type="stmt"/>
      <line num="157" count="37" type="stmt"/>
      <line num="158" count="337" type="cond" truecount="2" falsecount="0"/>
      <line num="161" count="12" type="stmt"/>
      <line num="162" count="12" type="stmt"/>
      <line num="164" count="12" type="stmt"/>
      <line num="167" count="25" type="cond" truecount="2" falsecount="0"/>
      <line num="169" count="1" type="stmt"/>
      <line num="170" count="1" type="stmt"/>
      <line num="172" count="1" type="stmt"/>
      <line num="175" count="24" type="stmt"/>
      <line num="179" count="13" type="cond" truecount="1" falsecount="1"/>
      <line num="180" count="0" type="stmt"/>
      <line num="183" count="13" type="stmt"/>
      <line num="185" count="13" type="stmt"/>
      <line num="187" count="14" type="stmt"/>
      <line num="188" count="14" type="stmt"/>
      <line num="190" count="14" type="cond" truecount="2" falsecount="0"/>
      <line num="192" count="1" type="cond" truecount="1" falsecount="1"/>
      <line num="193" count="0" type="stmt"/>
      <line num="197" count="13" type="cond" truecount="1" falsecount="1"/>
      <line num="198" count="0" type="stmt"/>
      <line num="201" count="13" type="stmt"/>
      <line num="205" count="65" type="cond" truecount="2" falsecount="0"/>
      <line num="206" count="1" type="stmt"/>
      <line num="209" count="64" type="cond" truecount="2" falsecount="0"/>
      <line num="210" count="1" type="cond" truecount="1" falsecount="1"/>
      <line num="211" count="0" type="stmt"/>
      <line num="214" count="1" type="stmt"/>
      <line num="217" count="63" type="cond" truecount="2" falsecount="0"/>
      <line num="218" count="26" type="stmt"/>
      <line num="221" count="37" type="stmt"/>
      <line num="226" count="26" type="stmt"/>
      <line num="228" count="26" type="cond" truecount="2" falsecount="0"/>
      <line num="229" count="25" type="stmt"/>
      <line num="232" count="1" type="stmt"/>
      <line num="234" count="1" type="cond" truecount="3" falsecount="1"/>
      <line num="235" count="0" type="stmt"/>
      <line num="238" count="1" type="stmt"/>
      <line num="240" count="1" type="stmt"/>
      <line num="244" count="27" type="stmt"/>
      <line num="246" count="27" type="stmt"/>
      <line num="247" count="27" type="stmt"/>
      <line num="248" count="27" type="stmt"/>
      <line num="250" count="27" type="cond" truecount="2" falsecount="0"/>
      <line num="253" count="27" type="stmt"/>
      <line num="257" count="14" type="cond" truecount="1" falsecount="1"/>
      <line num="258" count="0" type="stmt"/>
      <line num="261" count="14" type="stmt"/>
      <line num="263" count="14" type="cond" truecount="1" falsecount="1"/>
      <line num="264" count="0" type="stmt"/>
      <line num="267" count="14" type="stmt"/>
      <line num="271" count="45" type="stmt"/>
      <line num="274" count="45" type="stmt"/>
      <line num="275" count="15" type="stmt"/>
      <line num="277" count="15" type="cond" truecount="1" falsecount="1"/>
      <line num="280" count="45" type="stmt"/>
      <line num="282" count="45" type="cond" truecount="1" falsecount="1"/>
      <line num="283" count="45" type="stmt"/>
      <line num="286" count="0" type="stmt"/>
      <line num="290" count="106" type="cond" truecount="2" falsecount="0"/>
    </file>
    <file name="Stack.js" path="C:\Users\Егор\Desktop\OOOP-2-Sem\First Lab\script\classes\Stack.js">
      <metrics statements="17" coveredstatements="16" conditionals="4" coveredconditionals="4" methods="4" coveredmethods="3"/>
      <line num="2" count="2085" type="stmt"/>
      <line num="3" count="2085" type="stmt"/>
      <line num="4" count="2085" type="stmt"/>
      <line num="5" count="2085" type="stmt"/>
      <line num="8" count="0" type="stmt"/>
      <line num="12" count="1577" type="stmt"/>
      <line num="14" count="1577" type="stmt"/>
      <line num="15" count="1577" type="stmt"/>
      <line num="16" count="1577" type="stmt"/>
      <line num="17" count="1577" type="stmt"/>
      <line num="21" count="1590" type="cond" truecount="2" falsecount="0"/>
      <line num="23" count="1577" type="stmt"/>
      <line num="24" count="1577" type="stmt"/>
      <line num="25" count="1577" type="stmt"/>
      <line num="27" count="1577" type="stmt"/>
      <line num="31" count="40" type="cond" truecount="2" falsecount="0"/>
      <line num="32" count="16" type="stmt"/>
    </file>
  </project>
</coverage>
