{"C:\\Users\\Егор\\Desktop\\OOOP-2-Sem\\First Lab\\script\\classes\\OneVariableRPN.js": {"path":"C:\\Users\\Егор\\Desktop\\OOOP-2-Sem\\First Lab\\script\\classes\\OneVariableRPN.js","statementMap":{"0":{"start":{"line":9,"column":4},"end":{"line":9,"column":26}},"1":{"start":{"line":14,"column":4},"end":{"line":14,"column":65}},"2":{"start":{"line":18,"column":19},"end":{"line":18,"column":53}},"3":{"start":{"line":19,"column":25},"end":{"line":19,"column":27}},"4":{"start":{"line":21,"column":22},"end":{"line":21,"column":48}},"5":{"start":{"line":23,"column":4},"end":{"line":45,"column":5}},"6":{"start":{"line":23,"column":17},"end":{"line":23,"column":18}},"7":{"start":{"line":24,"column":17},"end":{"line":24,"column":36}},"8":{"start":{"line":25,"column":17},"end":{"line":25,"column":42}},"9":{"start":{"line":26,"column":17},"end":{"line":26,"column":46}},"10":{"start":{"line":27,"column":17},"end":{"line":27,"column":46}},"11":{"start":{"line":30,"column":6},"end":{"line":36,"column":7}},"12":{"start":{"line":31,"column":8},"end":{"line":31,"column":67}},"13":{"start":{"line":32,"column":8},"end":{"line":32,"column":17}},"14":{"start":{"line":33,"column":13},"end":{"line":36,"column":7}},"15":{"start":{"line":34,"column":8},"end":{"line":34,"column":97}},"16":{"start":{"line":34,"column":38},"end":{"line":34,"column":97}},"17":{"start":{"line":35,"column":8},"end":{"line":35,"column":17}},"18":{"start":{"line":38,"column":6},"end":{"line":38,"column":51}},"19":{"start":{"line":38,"column":42},"end":{"line":38,"column":51}},"20":{"start":{"line":40,"column":6},"end":{"line":40,"column":32}},"21":{"start":{"line":40,"column":23},"end":{"line":40,"column":32}},"22":{"start":{"line":42,"column":6},"end":{"line":42,"column":69}},"23":{"start":{"line":43,"column":6},"end":{"line":43,"column":35}},"24":{"start":{"line":43,"column":26},"end":{"line":43,"column":35}},"25":{"start":{"line":44,"column":6},"end":{"line":44,"column":75}},"26":{"start":{"line":47,"column":4},"end":{"line":47,"column":24}},"27":{"start":{"line":51,"column":19},"end":{"line":51,"column":30}},"28":{"start":{"line":52,"column":24},"end":{"line":52,"column":43}},"29":{"start":{"line":53,"column":19},"end":{"line":53,"column":38}},"30":{"start":{"line":56,"column":4},"end":{"line":157,"column":5}},"31":{"start":{"line":57,"column":6},"end":{"line":154,"column":7}},"32":{"start":{"line":59,"column":10},"end":{"line":59,"column":63}},"33":{"start":{"line":60,"column":10},"end":{"line":60,"column":16}},"34":{"start":{"line":62,"column":10},"end":{"line":62,"column":56}},"35":{"start":{"line":63,"column":10},"end":{"line":63,"column":16}},"36":{"start":{"line":65,"column":10},"end":{"line":65,"column":66}},"37":{"start":{"line":67,"column":10},"end":{"line":67,"column":41}},"38":{"start":{"line":67,"column":30},"end":{"line":67,"column":41}},"39":{"start":{"line":69,"column":10},"end":{"line":69,"column":72}},"40":{"start":{"line":70,"column":10},"end":{"line":70,"column":16}},"41":{"start":{"line":72,"column":10},"end":{"line":72,"column":66}},"42":{"start":{"line":74,"column":10},"end":{"line":74,"column":41}},"43":{"start":{"line":74,"column":30},"end":{"line":74,"column":41}},"44":{"start":{"line":76,"column":10},"end":{"line":76,"column":74}},"45":{"start":{"line":77,"column":10},"end":{"line":77,"column":16}},"46":{"start":{"line":79,"column":10},"end":{"line":79,"column":66}},"47":{"start":{"line":80,"column":10},"end":{"line":80,"column":72}},"48":{"start":{"line":81,"column":10},"end":{"line":81,"column":16}},"49":{"start":{"line":83,"column":10},"end":{"line":83,"column":66}},"50":{"start":{"line":84,"column":10},"end":{"line":84,"column":72}},"51":{"start":{"line":85,"column":10},"end":{"line":85,"column":16}},"52":{"start":{"line":87,"column":10},"end":{"line":87,"column":66}},"53":{"start":{"line":88,"column":10},"end":{"line":88,"column":72}},"54":{"start":{"line":89,"column":10},"end":{"line":89,"column":16}},"55":{"start":{"line":91,"column":10},"end":{"line":91,"column":66}},"56":{"start":{"line":92,"column":10},"end":{"line":92,"column":76}},"57":{"start":{"line":93,"column":10},"end":{"line":93,"column":16}},"58":{"start":{"line":95,"column":10},"end":{"line":95,"column":66}},"59":{"start":{"line":96,"column":10},"end":{"line":96,"column":73}},"60":{"start":{"line":97,"column":10},"end":{"line":97,"column":16}},"61":{"start":{"line":99,"column":10},"end":{"line":99,"column":66}},"62":{"start":{"line":100,"column":10},"end":{"line":100,"column":73}},"63":{"start":{"line":101,"column":10},"end":{"line":101,"column":16}},"64":{"start":{"line":103,"column":10},"end":{"line":103,"column":66}},"65":{"start":{"line":104,"column":10},"end":{"line":104,"column":73}},"66":{"start":{"line":105,"column":10},"end":{"line":105,"column":16}},"67":{"start":{"line":107,"column":10},"end":{"line":107,"column":66}},"68":{"start":{"line":108,"column":10},"end":{"line":108,"column":87}},"69":{"start":{"line":109,"column":10},"end":{"line":109,"column":16}},"70":{"start":{"line":111,"column":10},"end":{"line":111,"column":66}},"71":{"start":{"line":112,"column":10},"end":{"line":112,"column":72}},"72":{"start":{"line":113,"column":10},"end":{"line":113,"column":16}},"73":{"start":{"line":115,"column":10},"end":{"line":115,"column":75}},"74":{"start":{"line":116,"column":10},"end":{"line":116,"column":73}},"75":{"start":{"line":118,"column":10},"end":{"line":118,"column":80}},"76":{"start":{"line":118,"column":69},"end":{"line":118,"column":80}},"77":{"start":{"line":120,"column":10},"end":{"line":120,"column":109}},"78":{"start":{"line":121,"column":10},"end":{"line":121,"column":16}},"79":{"start":{"line":123,"column":10},"end":{"line":123,"column":31}},"80":{"start":{"line":124,"column":10},"end":{"line":124,"column":66}},"81":{"start":{"line":125,"column":10},"end":{"line":125,"column":16}},"82":{"start":{"line":127,"column":10},"end":{"line":127,"column":31}},"83":{"start":{"line":128,"column":10},"end":{"line":128,"column":31}},"84":{"start":{"line":129,"column":10},"end":{"line":129,"column":94}},"85":{"start":{"line":130,"column":10},"end":{"line":130,"column":16}},"86":{"start":{"line":132,"column":10},"end":{"line":132,"column":31}},"87":{"start":{"line":133,"column":10},"end":{"line":133,"column":31}},"88":{"start":{"line":134,"column":10},"end":{"line":134,"column":95}},"89":{"start":{"line":135,"column":10},"end":{"line":135,"column":16}},"90":{"start":{"line":137,"column":10},"end":{"line":137,"column":31}},"91":{"start":{"line":138,"column":10},"end":{"line":138,"column":31}},"92":{"start":{"line":139,"column":10},"end":{"line":139,"column":95}},"93":{"start":{"line":140,"column":10},"end":{"line":140,"column":16}},"94":{"start":{"line":142,"column":10},"end":{"line":142,"column":31}},"95":{"start":{"line":143,"column":10},"end":{"line":143,"column":31}},"96":{"start":{"line":144,"column":10},"end":{"line":144,"column":95}},"97":{"start":{"line":145,"column":10},"end":{"line":145,"column":16}},"98":{"start":{"line":147,"column":10},"end":{"line":147,"column":31}},"99":{"start":{"line":148,"column":10},"end":{"line":148,"column":31}},"100":{"start":{"line":150,"column":10},"end":{"line":150,"column":57}},"101":{"start":{"line":150,"column":46},"end":{"line":150,"column":57}},"102":{"start":{"line":152,"column":10},"end":{"line":152,"column":104}},"103":{"start":{"line":153,"column":10},"end":{"line":153,"column":16}},"104":{"start":{"line":156,"column":6},"end":{"line":156,"column":37}},"105":{"start":{"line":159,"column":4},"end":{"line":159,"column":24}},"106":{"start":{"line":163,"column":16},"end":{"line":163,"column":22}},"107":{"start":{"line":164,"column":16},"end":{"line":164,"column":36}},"108":{"start":{"line":166,"column":4},"end":{"line":169,"column":5}},"109":{"start":{"line":167,"column":25},"end":{"line":167,"column":121}},"110":{"start":{"line":168,"column":6},"end":{"line":168,"column":80}},"111":{"start":{"line":171,"column":4},"end":{"line":171,"column":17}},"112":{"start":{"line":175,"column":29},"end":{"line":175,"column":74}},"113":{"start":{"line":177,"column":4},"end":{"line":179,"column":5}},"114":{"start":{"line":178,"column":6},"end":{"line":178,"column":32}},"115":{"start":{"line":181,"column":4},"end":{"line":185,"column":5}},"116":{"start":{"line":182,"column":6},"end":{"line":182,"column":47}},"117":{"start":{"line":184,"column":6},"end":{"line":184,"column":36}},"118":{"start":{"line":187,"column":4},"end":{"line":187,"column":27}}},"fnMap":{"0":{"name":"(anonymous_0)","decl":{"start":{"line":8,"column":2},"end":{"line":8,"column":3}},"loc":{"start":{"line":8,"column":42},"end":{"line":10,"column":3}},"line":8},"1":{"name":"(anonymous_1)","decl":{"start":{"line":13,"column":2},"end":{"line":13,"column":3}},"loc":{"start":{"line":13,"column":28},"end":{"line":15,"column":3}},"line":13},"2":{"name":"(anonymous_2)","decl":{"start":{"line":17,"column":2},"end":{"line":17,"column":3}},"loc":{"start":{"line":17,"column":82},"end":{"line":48,"column":3}},"line":17},"3":{"name":"(anonymous_3)","decl":{"start":{"line":50,"column":2},"end":{"line":50,"column":3}},"loc":{"start":{"line":50,"column":40},"end":{"line":160,"column":3}},"line":50},"4":{"name":"(anonymous_4)","decl":{"start":{"line":162,"column":2},"end":{"line":162,"column":3}},"loc":{"start":{"line":162,"column":39},"end":{"line":172,"column":3}},"line":162},"5":{"name":"(anonymous_5)","decl":{"start":{"line":174,"column":2},"end":{"line":174,"column":3}},"loc":{"start":{"line":174,"column":46},"end":{"line":188,"column":3}},"line":174}},"branchMap":{"0":{"loc":{"start":{"line":8,"column":15},"end":{"line":8,"column":24}},"type":"default-arg","locations":[{"start":{"line":8,"column":22},"end":{"line":8,"column":24}}],"line":8},"1":{"loc":{"start":{"line":8,"column":26},"end":{"line":8,"column":40}},"type":"default-arg","locations":[{"start":{"line":8,"column":37},"end":{"line":8,"column":40}}],"line":8},"2":{"loc":{"start":{"line":17,"column":59},"end":{"line":17,"column":80}},"type":"default-arg","locations":[{"start":{"line":17,"column":76},"end":{"line":17,"column":80}}],"line":17},"3":{"loc":{"start":{"line":30,"column":6},"end":{"line":36,"column":7}},"type":"if","locations":[{"start":{"line":30,"column":6},"end":{"line":36,"column":7}},{"start":{"line":33,"column":13},"end":{"line":36,"column":7}}],"line":30},"4":{"loc":{"start":{"line":33,"column":13},"end":{"line":36,"column":7}},"type":"if","locations":[{"start":{"line":33,"column":13},"end":{"line":36,"column":7}},{"start":{},"end":{}}],"line":33},"5":{"loc":{"start":{"line":34,"column":8},"end":{"line":34,"column":97}},"type":"if","locations":[{"start":{"line":34,"column":8},"end":{"line":34,"column":97}},{"start":{},"end":{}}],"line":34},"6":{"loc":{"start":{"line":38,"column":6},"end":{"line":38,"column":51}},"type":"if","locations":[{"start":{"line":38,"column":6},"end":{"line":38,"column":51}},{"start":{},"end":{}}],"line":38},"7":{"loc":{"start":{"line":38,"column":10},"end":{"line":38,"column":40}},"type":"binary-expr","locations":[{"start":{"line":38,"column":10},"end":{"line":38,"column":23}},{"start":{"line":38,"column":27},"end":{"line":38,"column":40}}],"line":38},"8":{"loc":{"start":{"line":40,"column":6},"end":{"line":40,"column":32}},"type":"if","locations":[{"start":{"line":40,"column":6},"end":{"line":40,"column":32}},{"start":{},"end":{}}],"line":40},"9":{"loc":{"start":{"line":43,"column":6},"end":{"line":43,"column":35}},"type":"if","locations":[{"start":{"line":43,"column":6},"end":{"line":43,"column":35}},{"start":{},"end":{}}],"line":43},"10":{"loc":{"start":{"line":57,"column":6},"end":{"line":154,"column":7}},"type":"switch","locations":[{"start":{"line":58,"column":8},"end":{"line":60,"column":16}},{"start":{"line":61,"column":8},"end":{"line":63,"column":16}},{"start":{"line":64,"column":8},"end":{"line":70,"column":16}},{"start":{"line":71,"column":8},"end":{"line":77,"column":16}},{"start":{"line":78,"column":8},"end":{"line":81,"column":16}},{"start":{"line":82,"column":8},"end":{"line":85,"column":16}},{"start":{"line":86,"column":8},"end":{"line":89,"column":16}},{"start":{"line":90,"column":8},"end":{"line":93,"column":16}},{"start":{"line":94,"column":8},"end":{"line":97,"column":16}},{"start":{"line":98,"column":8},"end":{"line":101,"column":16}},{"start":{"line":102,"column":8},"end":{"line":105,"column":16}},{"start":{"line":106,"column":8},"end":{"line":109,"column":16}},{"start":{"line":110,"column":8},"end":{"line":113,"column":16}},{"start":{"line":114,"column":8},"end":{"line":121,"column":16}},{"start":{"line":122,"column":8},"end":{"line":125,"column":16}},{"start":{"line":126,"column":8},"end":{"line":130,"column":16}},{"start":{"line":131,"column":8},"end":{"line":135,"column":16}},{"start":{"line":136,"column":8},"end":{"line":140,"column":16}},{"start":{"line":141,"column":8},"end":{"line":145,"column":16}},{"start":{"line":146,"column":8},"end":{"line":153,"column":16}}],"line":57},"11":{"loc":{"start":{"line":67,"column":10},"end":{"line":67,"column":41}},"type":"if","locations":[{"start":{"line":67,"column":10},"end":{"line":67,"column":41}},{"start":{},"end":{}}],"line":67},"12":{"loc":{"start":{"line":74,"column":10},"end":{"line":74,"column":41}},"type":"if","locations":[{"start":{"line":74,"column":10},"end":{"line":74,"column":41}},{"start":{},"end":{}}],"line":74},"13":{"loc":{"start":{"line":118,"column":10},"end":{"line":118,"column":80}},"type":"if","locations":[{"start":{"line":118,"column":10},"end":{"line":118,"column":80}},{"start":{},"end":{}}],"line":118},"14":{"loc":{"start":{"line":118,"column":14},"end":{"line":118,"column":67}},"type":"binary-expr","locations":[{"start":{"line":118,"column":14},"end":{"line":118,"column":29}},{"start":{"line":118,"column":33},"end":{"line":118,"column":49}},{"start":{"line":118,"column":53},"end":{"line":118,"column":67}}],"line":118},"15":{"loc":{"start":{"line":120,"column":82},"end":{"line":120,"column":105}},"type":"binary-expr","locations":[{"start":{"line":120,"column":82},"end":{"line":120,"column":91}},{"start":{"line":120,"column":95},"end":{"line":120,"column":105}}],"line":120},"16":{"loc":{"start":{"line":129,"column":64},"end":{"line":129,"column":90}},"type":"binary-expr","locations":[{"start":{"line":129,"column":64},"end":{"line":129,"column":75}},{"start":{"line":129,"column":79},"end":{"line":129,"column":90}}],"line":129},"17":{"loc":{"start":{"line":134,"column":65},"end":{"line":134,"column":91}},"type":"binary-expr","locations":[{"start":{"line":134,"column":65},"end":{"line":134,"column":76}},{"start":{"line":134,"column":80},"end":{"line":134,"column":91}}],"line":134},"18":{"loc":{"start":{"line":139,"column":65},"end":{"line":139,"column":91}},"type":"binary-expr","locations":[{"start":{"line":139,"column":65},"end":{"line":139,"column":76}},{"start":{"line":139,"column":80},"end":{"line":139,"column":91}}],"line":139},"19":{"loc":{"start":{"line":144,"column":65},"end":{"line":144,"column":91}},"type":"binary-expr","locations":[{"start":{"line":144,"column":65},"end":{"line":144,"column":76}},{"start":{"line":144,"column":80},"end":{"line":144,"column":91}}],"line":144},"20":{"loc":{"start":{"line":150,"column":10},"end":{"line":150,"column":57}},"type":"if","locations":[{"start":{"line":150,"column":10},"end":{"line":150,"column":57}},{"start":{},"end":{}}],"line":150},"21":{"loc":{"start":{"line":150,"column":14},"end":{"line":150,"column":44}},"type":"binary-expr","locations":[{"start":{"line":150,"column":14},"end":{"line":150,"column":29}},{"start":{"line":150,"column":33},"end":{"line":150,"column":44}}],"line":150},"22":{"loc":{"start":{"line":152,"column":74},"end":{"line":152,"column":100}},"type":"binary-expr","locations":[{"start":{"line":152,"column":74},"end":{"line":152,"column":85}},{"start":{"line":152,"column":89},"end":{"line":152,"column":100}}],"line":152},"23":{"loc":{"start":{"line":174,"column":20},"end":{"line":174,"column":32}},"type":"default-arg","locations":[{"start":{"line":174,"column":31},"end":{"line":174,"column":32}}],"line":174},"24":{"loc":{"start":{"line":177,"column":4},"end":{"line":179,"column":5}},"type":"if","locations":[{"start":{"line":177,"column":4},"end":{"line":179,"column":5}},{"start":{},"end":{}}],"line":177},"25":{"loc":{"start":{"line":181,"column":4},"end":{"line":185,"column":5}},"type":"if","locations":[{"start":{"line":181,"column":4},"end":{"line":185,"column":5}},{"start":{},"end":{}}],"line":181}},"s":{"0":27,"1":318,"2":3,"3":3,"4":3,"5":3,"6":3,"7":15,"8":15,"9":15,"10":15,"11":15,"12":0,"13":0,"14":15,"15":0,"16":0,"17":0,"18":15,"19":0,"20":15,"21":14,"22":1,"23":1,"24":1,"25":0,"26":3,"27":467,"28":467,"29":467,"30":467,"31":1549,"32":509,"33":509,"34":362,"35":362,"36":15,"37":15,"38":0,"39":15,"40":15,"41":9,"42":9,"43":0,"44":9,"45":9,"46":22,"47":22,"48":22,"49":19,"50":19,"51":19,"52":9,"53":9,"54":9,"55":6,"56":6,"57":6,"58":9,"59":9,"60":9,"61":12,"62":12,"63":12,"64":15,"65":15,"66":15,"67":9,"68":9,"69":9,"70":0,"71":0,"72":0,"73":12,"74":12,"75":12,"76":0,"77":12,"78":12,"79":0,"80":0,"81":0,"82":61,"83":61,"84":61,"85":61,"86":237,"87":237,"88":237,"89":237,"90":40,"91":40,"92":40,"93":40,"94":136,"95":136,"96":136,"97":136,"98":67,"99":67,"100":67,"101":0,"102":67,"103":67,"104":1549,"105":467,"106":18,"107":18,"108":18,"109":96,"110":96,"111":18,"112":65,"113":65,"114":41,"115":24,"116":24,"117":24,"118":0},"f":{"0":27,"1":318,"2":3,"3":467,"4":18,"5":65},"b":{"0":[4],"1":[27],"2":[0],"3":[0,15],"4":[0,15],"5":[0,0],"6":[0,15],"7":[15,15],"8":[14,1],"9":[1,0],"10":[509,362,15,9,22,19,9,6,9,12,15,9,0,12,0,61,237,40,136,67],"11":[0,15],"12":[0,9],"13":[0,12],"14":[12,12,12],"15":[12,0],"16":[61,27],"17":[237,227],"18":[40,0],"19":[136,12],"20":[0,67],"21":[67,13],"22":[67,40],"23":[0],"24":[41,24],"25":[24,0]},"_coverageSchema":"1a1c01bbd47fc00a2c39e90264f33305004495a9","hash":"146968a7975fc388b8325100969025c8ca9727b5"}
,"C:\\Users\\Егор\\Desktop\\OOOP-2-Sem\\First Lab\\script\\classes\\Operand.js": {"path":"C:\\Users\\Егор\\Desktop\\OOOP-2-Sem\\First Lab\\script\\classes\\Operand.js","statementMap":{"0":{"start":{"line":3,"column":4},"end":{"line":3,"column":21}},"1":{"start":{"line":4,"column":4},"end":{"line":4,"column":23}}},"fnMap":{"0":{"name":"(anonymous_0)","decl":{"start":{"line":2,"column":2},"end":{"line":2,"column":3}},"loc":{"start":{"line":2,"column":27},"end":{"line":5,"column":3}},"line":2}},"branchMap":{},"s":{"0":65,"1":65},"f":{"0":65},"b":{},"_coverageSchema":"1a1c01bbd47fc00a2c39e90264f33305004495a9","hash":"dc5dd2cbb1501b21e14d61b1384579f2ce0c301c"}
,"C:\\Users\\Егор\\Desktop\\OOOP-2-Sem\\First Lab\\script\\classes\\Point.js": {"path":"C:\\Users\\Егор\\Desktop\\OOOP-2-Sem\\First Lab\\script\\classes\\Point.js","statementMap":{"0":{"start":{"line":3,"column":4},"end":{"line":3,"column":15}},"1":{"start":{"line":4,"column":4},"end":{"line":4,"column":15}}},"fnMap":{"0":{"name":"(anonymous_0)","decl":{"start":{"line":2,"column":2},"end":{"line":2,"column":3}},"loc":{"start":{"line":2,"column":20},"end":{"line":5,"column":3}},"line":2}},"branchMap":{},"s":{"0":0,"1":0},"f":{"0":0},"b":{},"_coverageSchema":"1a1c01bbd47fc00a2c39e90264f33305004495a9","hash":"f7efbc61c0fcb1f5523bdc2e6d0f84f98c9e1acd"}
,"C:\\Users\\Егор\\Desktop\\OOOP-2-Sem\\First Lab\\script\\classes\\Queue.js": {"path":"C:\\Users\\Егор\\Desktop\\OOOP-2-Sem\\First Lab\\script\\classes\\Queue.js","statementMap":{"0":{"start":{"line":2,"column":10},"end":{"line":2,"column":14}},"1":{"start":{"line":3,"column":9},"end":{"line":3,"column":13}},"2":{"start":{"line":4,"column":9},"end":{"line":4,"column":13}},"3":{"start":{"line":5,"column":9},"end":{"line":5,"column":13}},"4":{"start":{"line":6,"column":11},"end":{"line":6,"column":12}},"5":{"start":{"line":9,"column":4},"end":{"line":9,"column":23}},"6":{"start":{"line":13,"column":20},"end":{"line":13,"column":29}},"7":{"start":{"line":14,"column":4},"end":{"line":14,"column":26}},"8":{"start":{"line":15,"column":4},"end":{"line":15,"column":18}},"9":{"start":{"line":17,"column":4},"end":{"line":21,"column":5}},"10":{"start":{"line":18,"column":6},"end":{"line":18,"column":26}},"11":{"start":{"line":19,"column":6},"end":{"line":19,"column":26}},"12":{"start":{"line":20,"column":6},"end":{"line":20,"column":13}},"13":{"start":{"line":23,"column":4},"end":{"line":23,"column":29}},"14":{"start":{"line":24,"column":4},"end":{"line":24,"column":24}},"15":{"start":{"line":28,"column":4},"end":{"line":28,"column":40}},"16":{"start":{"line":28,"column":28},"end":{"line":28,"column":40}},"17":{"start":{"line":30,"column":21},"end":{"line":30,"column":36}},"18":{"start":{"line":31,"column":4},"end":{"line":31,"column":18}},"19":{"start":{"line":32,"column":4},"end":{"line":32,"column":31}},"20":{"start":{"line":33,"column":4},"end":{"line":33,"column":20}},"21":{"start":{"line":37,"column":4},"end":{"line":37,"column":40}},"22":{"start":{"line":37,"column":28},"end":{"line":37,"column":40}},"23":{"start":{"line":38,"column":4},"end":{"line":38,"column":27}},"24":{"start":{"line":42,"column":22},"end":{"line":42,"column":33}},"25":{"start":{"line":43,"column":19},"end":{"line":43,"column":29}},"26":{"start":{"line":45,"column":4},"end":{"line":48,"column":5}},"27":{"start":{"line":46,"column":6},"end":{"line":46,"column":37}},"28":{"start":{"line":47,"column":6},"end":{"line":47,"column":31}},"29":{"start":{"line":50,"column":4},"end":{"line":50,"column":21}},"30":{"start":{"line":54,"column":24},"end":{"line":54,"column":35}},"31":{"start":{"line":57,"column":4},"end":{"line":65,"column":5}},"32":{"start":{"line":58,"column":24},"end":{"line":58,"column":41}},"33":{"start":{"line":59,"column":6},"end":{"line":59,"column":32}},"34":{"start":{"line":61,"column":6},"end":{"line":64,"column":7}},"35":{"start":{"line":62,"column":8},"end":{"line":62,"column":41}},"36":{"start":{"line":63,"column":8},"end":{"line":63,"column":33}},"37":{"start":{"line":67,"column":4},"end":{"line":67,"column":23}}},"fnMap":{"0":{"name":"(anonymous_0)","decl":{"start":{"line":8,"column":2},"end":{"line":8,"column":3}},"loc":{"start":{"line":8,"column":15},"end":{"line":10,"column":3}},"line":8},"1":{"name":"(anonymous_1)","decl":{"start":{"line":12,"column":2},"end":{"line":12,"column":3}},"loc":{"start":{"line":12,"column":14},"end":{"line":25,"column":3}},"line":12},"2":{"name":"(anonymous_2)","decl":{"start":{"line":27,"column":2},"end":{"line":27,"column":3}},"loc":{"start":{"line":27,"column":10},"end":{"line":34,"column":3}},"line":27},"3":{"name":"(anonymous_3)","decl":{"start":{"line":36,"column":2},"end":{"line":36,"column":3}},"loc":{"start":{"line":36,"column":8},"end":{"line":39,"column":3}},"line":36},"4":{"name":"(anonymous_4)","decl":{"start":{"line":41,"column":2},"end":{"line":41,"column":3}},"loc":{"start":{"line":41,"column":21},"end":{"line":51,"column":3}},"line":41},"5":{"name":"(anonymous_5)","decl":{"start":{"line":53,"column":2},"end":{"line":53,"column":3}},"loc":{"start":{"line":53,"column":27},"end":{"line":68,"column":3}},"line":53}},"branchMap":{"0":{"loc":{"start":{"line":17,"column":4},"end":{"line":21,"column":5}},"type":"if","locations":[{"start":{"line":17,"column":4},"end":{"line":21,"column":5}},{"start":{},"end":{}}],"line":17},"1":{"loc":{"start":{"line":28,"column":4},"end":{"line":28,"column":40}},"type":"if","locations":[{"start":{"line":28,"column":4},"end":{"line":28,"column":40}},{"start":{},"end":{}}],"line":28},"2":{"loc":{"start":{"line":37,"column":4},"end":{"line":37,"column":40}},"type":"if","locations":[{"start":{"line":37,"column":4},"end":{"line":37,"column":40}},{"start":{},"end":{}}],"line":37}},"s":{"0":2190,"1":2190,"2":2190,"3":2190,"4":2190,"5":0,"6":1673,"7":1673,"8":1673,"9":1673,"10":513,"11":513,"12":513,"13":1160,"14":1160,"15":2016,"16":467,"17":1549,"18":1549,"19":1549,"20":1549,"21":0,"22":0,"23":0,"24":473,"25":473,"26":473,"27":1563,"28":1563,"29":473,"30":3,"31":3,"32":6,"33":6,"34":6,"35":14,"36":14,"37":3},"f":{"0":0,"1":1673,"2":2016,"3":0,"4":473,"5":3},"b":{"0":[513,1160],"1":[467,1549],"2":[0,0]},"_coverageSchema":"1a1c01bbd47fc00a2c39e90264f33305004495a9","hash":"13caac4637c50749be427d50da98a38cf32ed93c"}
,"C:\\Users\\Егор\\Desktop\\OOOP-2-Sem\\First Lab\\script\\classes\\RPN.js": {"path":"C:\\Users\\Егор\\Desktop\\OOOP-2-Sem\\First Lab\\script\\classes\\RPN.js","statementMap":{"0":{"start":{"line":7,"column":4},"end":{"line":7,"column":23}},"1":{"start":{"line":8,"column":31},"end":{"line":8,"column":73}},"2":{"start":{"line":10,"column":4},"end":{"line":12,"column":5}},"3":{"start":{"line":11,"column":6},"end":{"line":11,"column":48}},"4":{"start":{"line":14,"column":4},"end":{"line":14,"column":21}},"5":{"start":{"line":15,"column":4},"end":{"line":15,"column":27}},"6":{"start":{"line":19,"column":21},"end":{"line":19,"column":55}},"7":{"start":{"line":21,"column":4},"end":{"line":23,"column":5}},"8":{"start":{"line":22,"column":6},"end":{"line":22,"column":42}},"9":{"start":{"line":25,"column":32},"end":{"line":25,"column":72}},"10":{"start":{"line":26,"column":4},"end":{"line":26,"column":39}},"11":{"start":{"line":27,"column":22},"end":{"line":27,"column":44}},"12":{"start":{"line":28,"column":4},"end":{"line":28,"column":58}},"13":{"start":{"line":29,"column":4},"end":{"line":29,"column":44}},"14":{"start":{"line":31,"column":4},"end":{"line":31,"column":21}},"15":{"start":{"line":35,"column":24},"end":{"line":35,"column":34}},"16":{"start":{"line":36,"column":4},"end":{"line":36,"column":50}},"17":{"start":{"line":37,"column":4},"end":{"line":37,"column":32}},"18":{"start":{"line":39,"column":4},"end":{"line":39,"column":23}},"19":{"start":{"line":42,"column":21},"end":{"line":52,"column":3}},"20":{"start":{"line":55,"column":19},"end":{"line":55,"column":30}},"21":{"start":{"line":56,"column":22},"end":{"line":56,"column":33}},"22":{"start":{"line":57,"column":18},"end":{"line":57,"column":26}},"23":{"start":{"line":58,"column":22},"end":{"line":58,"column":23}},"24":{"start":{"line":59,"column":24},"end":{"line":59,"column":29}},"25":{"start":{"line":60,"column":23},"end":{"line":60,"column":28}},"26":{"start":{"line":63,"column":4},"end":{"line":63,"column":47}},"27":{"start":{"line":63,"column":28},"end":{"line":63,"column":47}},"28":{"start":{"line":65,"column":4},"end":{"line":127,"column":5}},"29":{"start":{"line":66,"column":6},"end":{"line":92,"column":7}},"30":{"start":{"line":67,"column":8},"end":{"line":67,"column":72}},"31":{"start":{"line":68,"column":8},"end":{"line":73,"column":9}},"32":{"start":{"line":69,"column":10},"end":{"line":69,"column":31}},"33":{"start":{"line":70,"column":10},"end":{"line":70,"column":31}},"34":{"start":{"line":71,"column":10},"end":{"line":71,"column":31}},"35":{"start":{"line":72,"column":10},"end":{"line":72,"column":19}},"36":{"start":{"line":75,"column":8},"end":{"line":75,"column":63}},"37":{"start":{"line":77,"column":8},"end":{"line":77,"column":104}},"38":{"start":{"line":77,"column":81},"end":{"line":77,"column":104}},"39":{"start":{"line":79,"column":8},"end":{"line":85,"column":9}},"40":{"start":{"line":80,"column":10},"end":{"line":80,"column":76}},"41":{"start":{"line":80,"column":53},"end":{"line":80,"column":76}},"42":{"start":{"line":82,"column":10},"end":{"line":82,"column":30}},"43":{"start":{"line":83,"column":10},"end":{"line":83,"column":46}},"44":{"start":{"line":84,"column":10},"end":{"line":84,"column":19}},"45":{"start":{"line":87,"column":8},"end":{"line":87,"column":33}},"46":{"start":{"line":88,"column":8},"end":{"line":88,"column":22}},"47":{"start":{"line":89,"column":8},"end":{"line":89,"column":29}},"48":{"start":{"line":91,"column":8},"end":{"line":91,"column":17}},"49":{"start":{"line":94,"column":6},"end":{"line":94,"column":61}},"50":{"start":{"line":96,"column":6},"end":{"line":96,"column":77}},"51":{"start":{"line":96,"column":54},"end":{"line":96,"column":77}},"52":{"start":{"line":98,"column":6},"end":{"line":110,"column":7}},"53":{"start":{"line":99,"column":27},"end":{"line":99,"column":42}},"54":{"start":{"line":101,"column":8},"end":{"line":104,"column":9}},"55":{"start":{"line":102,"column":10},"end":{"line":102,"column":36}},"56":{"start":{"line":103,"column":10},"end":{"line":103,"column":41}},"57":{"start":{"line":106,"column":8},"end":{"line":106,"column":60}},"58":{"start":{"line":106,"column":31},"end":{"line":106,"column":60}},"59":{"start":{"line":108,"column":8},"end":{"line":108,"column":22}},"60":{"start":{"line":109,"column":8},"end":{"line":109,"column":17}},"61":{"start":{"line":112,"column":25},"end":{"line":112,"column":40}},"62":{"start":{"line":114,"column":6},"end":{"line":117,"column":7}},"63":{"start":{"line":115,"column":8},"end":{"line":115,"column":37}},"64":{"start":{"line":116,"column":8},"end":{"line":116,"column":39}},"65":{"start":{"line":119,"column":6},"end":{"line":123,"column":7}},"66":{"start":{"line":120,"column":8},"end":{"line":120,"column":52}},"67":{"start":{"line":120,"column":29},"end":{"line":120,"column":52}},"68":{"start":{"line":122,"column":8},"end":{"line":122,"column":37}},"69":{"start":{"line":125,"column":6},"end":{"line":125,"column":31}},"70":{"start":{"line":126,"column":6},"end":{"line":126,"column":28}},"71":{"start":{"line":129,"column":4},"end":{"line":129,"column":66}},"72":{"start":{"line":129,"column":43},"end":{"line":129,"column":66}},"73":{"start":{"line":131,"column":4},"end":{"line":133,"column":5}},"74":{"start":{"line":132,"column":6},"end":{"line":132,"column":35}},"75":{"start":{"line":135,"column":4},"end":{"line":135,"column":29}},"76":{"start":{"line":139,"column":18},"end":{"line":139,"column":26}},"77":{"start":{"line":142,"column":4},"end":{"line":145,"column":5}},"78":{"start":{"line":143,"column":6},"end":{"line":143,"column":16}},"79":{"start":{"line":144,"column":6},"end":{"line":144,"column":57}},"80":{"start":{"line":144,"column":34},"end":{"line":144,"column":57}},"81":{"start":{"line":148,"column":4},"end":{"line":148,"column":58}},"82":{"start":{"line":150,"column":4},"end":{"line":153,"column":5}},"83":{"start":{"line":151,"column":6},"end":{"line":151,"column":40}},"84":{"start":{"line":152,"column":6},"end":{"line":152,"column":32}},"85":{"start":{"line":155,"column":21},"end":{"line":155,"column":40}},"86":{"start":{"line":157,"column":4},"end":{"line":165,"column":5}},"87":{"start":{"line":158,"column":6},"end":{"line":158,"column":47}},"88":{"start":{"line":158,"column":38},"end":{"line":158,"column":47}},"89":{"start":{"line":161,"column":6},"end":{"line":161,"column":95}},"90":{"start":{"line":162,"column":6},"end":{"line":162,"column":39}},"91":{"start":{"line":164,"column":6},"end":{"line":164,"column":32}},"92":{"start":{"line":167,"column":4},"end":{"line":173,"column":5}},"93":{"start":{"line":169,"column":6},"end":{"line":169,"column":97}},"94":{"start":{"line":170,"column":6},"end":{"line":170,"column":56}},"95":{"start":{"line":172,"column":6},"end":{"line":172,"column":32}},"96":{"start":{"line":175,"column":4},"end":{"line":175,"column":27}},"97":{"start":{"line":179,"column":4},"end":{"line":181,"column":5}},"98":{"start":{"line":180,"column":6},"end":{"line":180,"column":48}},"99":{"start":{"line":183,"column":17},"end":{"line":183,"column":19}},"100":{"start":{"line":185,"column":4},"end":{"line":195,"column":5}},"101":{"start":{"line":185,"column":17},"end":{"line":185,"column":18}},"102":{"start":{"line":187,"column":6},"end":{"line":187,"column":69}},"103":{"start":{"line":188,"column":6},"end":{"line":188,"column":21}},"104":{"start":{"line":190,"column":6},"end":{"line":190,"column":37}},"105":{"start":{"line":190,"column":31},"end":{"line":190,"column":37}},"106":{"start":{"line":192,"column":6},"end":{"line":194,"column":7}},"107":{"start":{"line":193,"column":8},"end":{"line":193,"column":50}},"108":{"start":{"line":197,"column":4},"end":{"line":199,"column":5}},"109":{"start":{"line":198,"column":6},"end":{"line":198,"column":48}},"110":{"start":{"line":201,"column":4},"end":{"line":201,"column":34}},"111":{"start":{"line":205,"column":4},"end":{"line":207,"column":5}},"112":{"start":{"line":206,"column":6},"end":{"line":206,"column":35}},"113":{"start":{"line":209,"column":4},"end":{"line":215,"column":5}},"114":{"start":{"line":210,"column":6},"end":{"line":212,"column":7}},"115":{"start":{"line":211,"column":8},"end":{"line":211,"column":50}},"116":{"start":{"line":214,"column":6},"end":{"line":214,"column":36}},"117":{"start":{"line":217,"column":4},"end":{"line":219,"column":5}},"118":{"start":{"line":218,"column":6},"end":{"line":218,"column":46}},"119":{"start":{"line":221,"column":4},"end":{"line":221,"column":27}},"120":{"start":{"line":226,"column":4},"end":{"line":226,"column":52}},"121":{"start":{"line":228,"column":4},"end":{"line":230,"column":5}},"122":{"start":{"line":229,"column":6},"end":{"line":229,"column":30}},"123":{"start":{"line":232,"column":4},"end":{"line":232,"column":14}},"124":{"start":{"line":234,"column":4},"end":{"line":236,"column":5}},"125":{"start":{"line":235,"column":6},"end":{"line":235,"column":48}},"126":{"start":{"line":238,"column":4},"end":{"line":238,"column":52}},"127":{"start":{"line":240,"column":4},"end":{"line":240,"column":41}},"128":{"start":{"line":244,"column":14},"end":{"line":244,"column":16}},"129":{"start":{"line":246,"column":4},"end":{"line":251,"column":5}},"130":{"start":{"line":247,"column":6},"end":{"line":247,"column":27}},"131":{"start":{"line":248,"column":6},"end":{"line":248,"column":16}},"132":{"start":{"line":250,"column":6},"end":{"line":250,"column":40}},"133":{"start":{"line":250,"column":34},"end":{"line":250,"column":40}},"134":{"start":{"line":253,"column":4},"end":{"line":253,"column":27}},"135":{"start":{"line":257,"column":4},"end":{"line":259,"column":5}},"136":{"start":{"line":258,"column":6},"end":{"line":258,"column":48}},"137":{"start":{"line":261,"column":19},"end":{"line":261,"column":67}},"138":{"start":{"line":263,"column":4},"end":{"line":265,"column":5}},"139":{"start":{"line":264,"column":6},"end":{"line":264,"column":48}},"140":{"start":{"line":267,"column":4},"end":{"line":267,"column":18}},"141":{"start":{"line":271,"column":18},"end":{"line":271,"column":26}},"142":{"start":{"line":274,"column":4},"end":{"line":278,"column":5}},"143":{"start":{"line":275,"column":6},"end":{"line":275,"column":16}},"144":{"start":{"line":277,"column":6},"end":{"line":277,"column":57}},"145":{"start":{"line":277,"column":34},"end":{"line":277,"column":57}},"146":{"start":{"line":280,"column":4},"end":{"line":280,"column":25}},"147":{"start":{"line":282,"column":4},"end":{"line":284,"column":5}},"148":{"start":{"line":283,"column":6},"end":{"line":283,"column":48}},"149":{"start":{"line":286,"column":4},"end":{"line":286,"column":27}},"150":{"start":{"line":290,"column":4},"end":{"line":290,"column":41}}},"fnMap":{"0":{"name":"(anonymous_0)","decl":{"start":{"line":6,"column":2},"end":{"line":6,"column":3}},"loc":{"start":{"line":6,"column":39},"end":{"line":16,"column":3}},"line":6},"1":{"name":"(anonymous_1)","decl":{"start":{"line":18,"column":2},"end":{"line":18,"column":3}},"loc":{"start":{"line":18,"column":41},"end":{"line":32,"column":3}},"line":18},"2":{"name":"(anonymous_2)","decl":{"start":{"line":34,"column":2},"end":{"line":34,"column":3}},"loc":{"start":{"line":34,"column":19},"end":{"line":40,"column":3}},"line":34},"3":{"name":"(anonymous_3)","decl":{"start":{"line":54,"column":2},"end":{"line":54,"column":3}},"loc":{"start":{"line":54,"column":51},"end":{"line":136,"column":3}},"line":54},"4":{"name":"(anonymous_4)","decl":{"start":{"line":138,"column":2},"end":{"line":138,"column":3}},"loc":{"start":{"line":138,"column":45},"end":{"line":176,"column":3}},"line":138},"5":{"name":"(anonymous_5)","decl":{"start":{"line":178,"column":2},"end":{"line":178,"column":3}},"loc":{"start":{"line":178,"column":67},"end":{"line":202,"column":3}},"line":178},"6":{"name":"(anonymous_6)","decl":{"start":{"line":204,"column":2},"end":{"line":204,"column":3}},"loc":{"start":{"line":204,"column":34},"end":{"line":222,"column":3}},"line":204},"7":{"name":"(anonymous_7)","decl":{"start":{"line":224,"column":2},"end":{"line":224,"column":3}},"loc":{"start":{"line":224,"column":30},"end":{"line":241,"column":3}},"line":224},"8":{"name":"(anonymous_8)","decl":{"start":{"line":243,"column":2},"end":{"line":243,"column":3}},"loc":{"start":{"line":243,"column":27},"end":{"line":254,"column":3}},"line":243},"9":{"name":"(anonymous_9)","decl":{"start":{"line":256,"column":2},"end":{"line":256,"column":3}},"loc":{"start":{"line":256,"column":39},"end":{"line":268,"column":3}},"line":256},"10":{"name":"(anonymous_10)","decl":{"start":{"line":270,"column":2},"end":{"line":270,"column":3}},"loc":{"start":{"line":270,"column":35},"end":{"line":287,"column":3}},"line":270},"11":{"name":"(anonymous_11)","decl":{"start":{"line":289,"column":2},"end":{"line":289,"column":3}},"loc":{"start":{"line":289,"column":17},"end":{"line":291,"column":3}},"line":289}},"branchMap":{"0":{"loc":{"start":{"line":6,"column":14},"end":{"line":6,"column":23}},"type":"default-arg","locations":[{"start":{"line":6,"column":21},"end":{"line":6,"column":23}}],"line":6},"1":{"loc":{"start":{"line":10,"column":4},"end":{"line":12,"column":5}},"type":"if","locations":[{"start":{"line":10,"column":4},"end":{"line":12,"column":5}},{"start":{},"end":{}}],"line":10},"2":{"loc":{"start":{"line":10,"column":8},"end":{"line":10,"column":49}},"type":"binary-expr","locations":[{"start":{"line":10,"column":8},"end":{"line":10,"column":24}},{"start":{"line":10,"column":28},"end":{"line":10,"column":49}}],"line":10},"3":{"loc":{"start":{"line":21,"column":4},"end":{"line":23,"column":5}},"type":"if","locations":[{"start":{"line":21,"column":4},"end":{"line":23,"column":5}},{"start":{},"end":{}}],"line":21},"4":{"loc":{"start":{"line":21,"column":8},"end":{"line":21,"column":52}},"type":"binary-expr","locations":[{"start":{"line":21,"column":8},"end":{"line":21,"column":31}},{"start":{"line":21,"column":35},"end":{"line":21,"column":52}}],"line":21},"5":{"loc":{"start":{"line":54,"column":26},"end":{"line":54,"column":38}},"type":"default-arg","locations":[{"start":{"line":54,"column":37},"end":{"line":54,"column":38}}],"line":54},"6":{"loc":{"start":{"line":63,"column":4},"end":{"line":63,"column":47}},"type":"if","locations":[{"start":{"line":63,"column":4},"end":{"line":63,"column":47}},{"start":{},"end":{}}],"line":63},"7":{"loc":{"start":{"line":66,"column":6},"end":{"line":92,"column":7}},"type":"if","locations":[{"start":{"line":66,"column":6},"end":{"line":92,"column":7}},{"start":{},"end":{}}],"line":66},"8":{"loc":{"start":{"line":68,"column":8},"end":{"line":73,"column":9}},"type":"if","locations":[{"start":{"line":68,"column":8},"end":{"line":73,"column":9}},{"start":{},"end":{}}],"line":68},"9":{"loc":{"start":{"line":77,"column":8},"end":{"line":77,"column":104}},"type":"if","locations":[{"start":{"line":77,"column":8},"end":{"line":77,"column":104}},{"start":{},"end":{}}],"line":77},"10":{"loc":{"start":{"line":77,"column":12},"end":{"line":77,"column":79}},"type":"binary-expr","locations":[{"start":{"line":77,"column":12},"end":{"line":77,"column":29}},{"start":{"line":77,"column":33},"end":{"line":77,"column":54}},{"start":{"line":77,"column":58},"end":{"line":77,"column":79}}],"line":77},"11":{"loc":{"start":{"line":79,"column":8},"end":{"line":85,"column":9}},"type":"if","locations":[{"start":{"line":79,"column":8},"end":{"line":85,"column":9}},{"start":{},"end":{}}],"line":79},"12":{"loc":{"start":{"line":80,"column":10},"end":{"line":80,"column":76}},"type":"if","locations":[{"start":{"line":80,"column":10},"end":{"line":80,"column":76}},{"start":{},"end":{}}],"line":80},"13":{"loc":{"start":{"line":80,"column":14},"end":{"line":80,"column":51}},"type":"binary-expr","locations":[{"start":{"line":80,"column":14},"end":{"line":80,"column":26}},{"start":{"line":80,"column":30},"end":{"line":80,"column":51}}],"line":80},"14":{"loc":{"start":{"line":96,"column":6},"end":{"line":96,"column":77}},"type":"if","locations":[{"start":{"line":96,"column":6},"end":{"line":96,"column":77}},{"start":{},"end":{}}],"line":96},"15":{"loc":{"start":{"line":96,"column":10},"end":{"line":96,"column":52}},"type":"binary-expr","locations":[{"start":{"line":96,"column":10},"end":{"line":96,"column":27}},{"start":{"line":96,"column":31},"end":{"line":96,"column":52}}],"line":96},"16":{"loc":{"start":{"line":98,"column":6},"end":{"line":110,"column":7}},"type":"if","locations":[{"start":{"line":98,"column":6},"end":{"line":110,"column":7}},{"start":{},"end":{}}],"line":98},"17":{"loc":{"start":{"line":101,"column":15},"end":{"line":101,"column":65}},"type":"binary-expr","locations":[{"start":{"line":101,"column":15},"end":{"line":101,"column":36}},{"start":{"line":101,"column":40},"end":{"line":101,"column":65}}],"line":101},"18":{"loc":{"start":{"line":106,"column":8},"end":{"line":106,"column":60}},"type":"if","locations":[{"start":{"line":106,"column":8},"end":{"line":106,"column":60}},{"start":{},"end":{}}],"line":106},"19":{"loc":{"start":{"line":114,"column":13},"end":{"line":114,"column":80}},"type":"binary-expr","locations":[{"start":{"line":114,"column":13},"end":{"line":114,"column":34}},{"start":{"line":114,"column":38},"end":{"line":114,"column":80}}],"line":114},"20":{"loc":{"start":{"line":119,"column":6},"end":{"line":123,"column":7}},"type":"if","locations":[{"start":{"line":119,"column":6},"end":{"line":123,"column":7}},{"start":{},"end":{}}],"line":119},"21":{"loc":{"start":{"line":120,"column":8},"end":{"line":120,"column":52}},"type":"if","locations":[{"start":{"line":120,"column":8},"end":{"line":120,"column":52}},{"start":{},"end":{}}],"line":120},"22":{"loc":{"start":{"line":129,"column":4},"end":{"line":129,"column":66}},"type":"if","locations":[{"start":{"line":129,"column":4},"end":{"line":129,"column":66}},{"start":{},"end":{}}],"line":129},"23":{"loc":{"start":{"line":129,"column":8},"end":{"line":129,"column":41}},"type":"binary-expr","locations":[{"start":{"line":129,"column":8},"end":{"line":129,"column":23}},{"start":{"line":129,"column":27},"end":{"line":129,"column":41}}],"line":129},"24":{"loc":{"start":{"line":138,"column":20},"end":{"line":138,"column":32}},"type":"default-arg","locations":[{"start":{"line":138,"column":31},"end":{"line":138,"column":32}}],"line":138},"25":{"loc":{"start":{"line":144,"column":6},"end":{"line":144,"column":57}},"type":"if","locations":[{"start":{"line":144,"column":6},"end":{"line":144,"column":57}},{"start":{},"end":{}}],"line":144},"26":{"loc":{"start":{"line":150,"column":4},"end":{"line":153,"column":5}},"type":"if","locations":[{"start":{"line":150,"column":4},"end":{"line":153,"column":5}},{"start":{},"end":{}}],"line":150},"27":{"loc":{"start":{"line":158,"column":6},"end":{"line":158,"column":47}},"type":"if","locations":[{"start":{"line":158,"column":6},"end":{"line":158,"column":47}},{"start":{},"end":{}}],"line":158},"28":{"loc":{"start":{"line":167,"column":4},"end":{"line":173,"column":5}},"type":"if","locations":[{"start":{"line":167,"column":4},"end":{"line":173,"column":5}},{"start":{},"end":{}}],"line":167},"29":{"loc":{"start":{"line":178,"column":41},"end":{"line":178,"column":54}},"type":"default-arg","locations":[{"start":{"line":178,"column":53},"end":{"line":178,"column":54}}],"line":178},"30":{"loc":{"start":{"line":179,"column":4},"end":{"line":181,"column":5}},"type":"if","locations":[{"start":{"line":179,"column":4},"end":{"line":181,"column":5}},{"start":{},"end":{}}],"line":179},"31":{"loc":{"start":{"line":190,"column":6},"end":{"line":190,"column":37}},"type":"if","locations":[{"start":{"line":190,"column":6},"end":{"line":190,"column":37}},{"start":{},"end":{}}],"line":190},"32":{"loc":{"start":{"line":192,"column":6},"end":{"line":194,"column":7}},"type":"if","locations":[{"start":{"line":192,"column":6},"end":{"line":194,"column":7}},{"start":{},"end":{}}],"line":192},"33":{"loc":{"start":{"line":197,"column":4},"end":{"line":199,"column":5}},"type":"if","locations":[{"start":{"line":197,"column":4},"end":{"line":199,"column":5}},{"start":{},"end":{}}],"line":197},"34":{"loc":{"start":{"line":205,"column":4},"end":{"line":207,"column":5}},"type":"if","locations":[{"start":{"line":205,"column":4},"end":{"line":207,"column":5}},{"start":{},"end":{}}],"line":205},"35":{"loc":{"start":{"line":209,"column":4},"end":{"line":215,"column":5}},"type":"if","locations":[{"start":{"line":209,"column":4},"end":{"line":215,"column":5}},{"start":{},"end":{}}],"line":209},"36":{"loc":{"start":{"line":210,"column":6},"end":{"line":212,"column":7}},"type":"if","locations":[{"start":{"line":210,"column":6},"end":{"line":212,"column":7}},{"start":{},"end":{}}],"line":210},"37":{"loc":{"start":{"line":217,"column":4},"end":{"line":219,"column":5}},"type":"if","locations":[{"start":{"line":217,"column":4},"end":{"line":219,"column":5}},{"start":{},"end":{}}],"line":217},"38":{"loc":{"start":{"line":228,"column":4},"end":{"line":230,"column":5}},"type":"if","locations":[{"start":{"line":228,"column":4},"end":{"line":230,"column":5}},{"start":{},"end":{}}],"line":228},"39":{"loc":{"start":{"line":234,"column":4},"end":{"line":236,"column":5}},"type":"if","locations":[{"start":{"line":234,"column":4},"end":{"line":236,"column":5}},{"start":{},"end":{}}],"line":234},"40":{"loc":{"start":{"line":234,"column":8},"end":{"line":234,"column":63}},"type":"binary-expr","locations":[{"start":{"line":234,"column":8},"end":{"line":234,"column":30}},{"start":{"line":234,"column":34},"end":{"line":234,"column":63}}],"line":234},"41":{"loc":{"start":{"line":250,"column":6},"end":{"line":250,"column":40}},"type":"if","locations":[{"start":{"line":250,"column":6},"end":{"line":250,"column":40}},{"start":{},"end":{}}],"line":250},"42":{"loc":{"start":{"line":257,"column":4},"end":{"line":259,"column":5}},"type":"if","locations":[{"start":{"line":257,"column":4},"end":{"line":259,"column":5}},{"start":{},"end":{}}],"line":257},"43":{"loc":{"start":{"line":263,"column":4},"end":{"line":265,"column":5}},"type":"if","locations":[{"start":{"line":263,"column":4},"end":{"line":265,"column":5}},{"start":{},"end":{}}],"line":263},"44":{"loc":{"start":{"line":270,"column":21},"end":{"line":270,"column":33}},"type":"default-arg","locations":[{"start":{"line":270,"column":32},"end":{"line":270,"column":33}}],"line":270},"45":{"loc":{"start":{"line":277,"column":6},"end":{"line":277,"column":57}},"type":"if","locations":[{"start":{"line":277,"column":6},"end":{"line":277,"column":57}},{"start":{},"end":{}}],"line":277},"46":{"loc":{"start":{"line":282,"column":4},"end":{"line":284,"column":5}},"type":"if","locations":[{"start":{"line":282,"column":4},"end":{"line":284,"column":5}},{"start":{},"end":{}}],"line":282},"47":{"loc":{"start":{"line":290,"column":11},"end":{"line":290,"column":40}},"type":"binary-expr","locations":[{"start":{"line":290,"column":11},"end":{"line":290,"column":23}},{"start":{"line":290,"column":27},"end":{"line":290,"column":40}}],"line":290}},"s":{"0":27,"1":27,"2":27,"3":0,"4":27,"5":27,"6":3,"7":3,"8":0,"9":3,"10":3,"11":3,"12":3,"13":3,"14":3,"15":0,"16":0,"17":0,"18":0,"19":1,"20":41,"21":41,"22":41,"23":41,"24":41,"25":41,"26":41,"27":4,"28":37,"29":107,"30":65,"31":65,"32":65,"33":65,"34":65,"35":65,"36":0,"37":0,"38":0,"39":0,"40":0,"41":0,"42":0,"43":0,"44":0,"45":0,"46":0,"47":0,"48":0,"49":42,"50":42,"51":0,"52":42,"53":13,"54":13,"55":2,"56":2,"57":13,"58":13,"59":0,"60":0,"61":29,"62":29,"63":11,"64":11,"65":29,"66":1,"67":0,"68":1,"69":28,"70":28,"71":23,"72":0,"73":23,"74":15,"75":23,"76":65,"77":65,"78":16,"79":16,"80":0,"81":65,"82":65,"83":28,"84":28,"85":37,"86":37,"87":337,"88":325,"89":12,"90":12,"91":12,"92":25,"93":1,"94":1,"95":1,"96":24,"97":13,"98":0,"99":13,"100":13,"101":13,"102":14,"103":14,"104":14,"105":13,"106":1,"107":0,"108":13,"109":0,"110":13,"111":65,"112":1,"113":64,"114":1,"115":0,"116":1,"117":63,"118":26,"119":37,"120":26,"121":26,"122":25,"123":1,"124":1,"125":0,"126":1,"127":1,"128":27,"129":27,"130":27,"131":27,"132":27,"133":12,"134":27,"135":14,"136":0,"137":14,"138":14,"139":0,"140":14,"141":45,"142":45,"143":15,"144":15,"145":0,"146":45,"147":45,"148":45,"149":0,"150":106},"f":{"0":27,"1":3,"2":0,"3":41,"4":65,"5":13,"6":65,"7":26,"8":27,"9":14,"10":45,"11":106},"b":{"0":[0],"1":[0,27],"2":[27,27],"3":[0,3],"4":[3,3],"5":[0],"6":[4,37],"7":[65,42],"8":[65,0],"9":[0,0],"10":[0,0,0],"11":[0,0],"12":[0,0],"13":[0,0],"14":[0,42],"15":[42,42],"16":[13,29],"17":[15,2],"18":[13,0],"19":[40,16],"20":[1,28],"21":[0,1],"22":[0,23],"23":[23,23],"24":[0],"25":[0,16],"26":[28,37],"27":[325,12],"28":[1,24],"29":[0],"30":[0,13],"31":[13,1],"32":[0,1],"33":[0,13],"34":[1,64],"35":[1,63],"36":[0,1],"37":[26,37],"38":[25,1],"39":[0,1],"40":[1,1],"41":[12,15],"42":[0,14],"43":[0,14],"44":[3],"45":[0,15],"46":[45,0],"47":[106,102]},"_coverageSchema":"1a1c01bbd47fc00a2c39e90264f33305004495a9","hash":"be37ead438db20a8af55446e51f7885fc2d48369"}
,"C:\\Users\\Егор\\Desktop\\OOOP-2-Sem\\First Lab\\script\\classes\\Stack.js": {"path":"C:\\Users\\Егор\\Desktop\\OOOP-2-Sem\\First Lab\\script\\classes\\Stack.js","statementMap":{"0":{"start":{"line":2,"column":10},"end":{"line":2,"column":14}},"1":{"start":{"line":3,"column":9},"end":{"line":3,"column":13}},"2":{"start":{"line":4,"column":9},"end":{"line":4,"column":13}},"3":{"start":{"line":5,"column":11},"end":{"line":5,"column":12}},"4":{"start":{"line":8,"column":4},"end":{"line":8,"column":23}},"5":{"start":{"line":12,"column":20},"end":{"line":12,"column":31}},"6":{"start":{"line":14,"column":4},"end":{"line":14,"column":26}},"7":{"start":{"line":15,"column":4},"end":{"line":15,"column":29}},"8":{"start":{"line":16,"column":4},"end":{"line":16,"column":24}},"9":{"start":{"line":17,"column":4},"end":{"line":17,"column":18}},"10":{"start":{"line":21,"column":4},"end":{"line":21,"column":40}},"11":{"start":{"line":21,"column":28},"end":{"line":21,"column":40}},"12":{"start":{"line":23,"column":21},"end":{"line":23,"column":36}},"13":{"start":{"line":24,"column":4},"end":{"line":24,"column":31}},"14":{"start":{"line":25,"column":4},"end":{"line":25,"column":18}},"15":{"start":{"line":27,"column":4},"end":{"line":27,"column":20}},"16":{"start":{"line":31,"column":4},"end":{"line":31,"column":40}},"17":{"start":{"line":31,"column":28},"end":{"line":31,"column":40}},"18":{"start":{"line":32,"column":4},"end":{"line":32,"column":27}}},"fnMap":{"0":{"name":"(anonymous_0)","decl":{"start":{"line":7,"column":2},"end":{"line":7,"column":3}},"loc":{"start":{"line":7,"column":15},"end":{"line":9,"column":3}},"line":7},"1":{"name":"(anonymous_1)","decl":{"start":{"line":11,"column":2},"end":{"line":11,"column":3}},"loc":{"start":{"line":11,"column":14},"end":{"line":18,"column":3}},"line":11},"2":{"name":"(anonymous_2)","decl":{"start":{"line":20,"column":2},"end":{"line":20,"column":3}},"loc":{"start":{"line":20,"column":8},"end":{"line":28,"column":3}},"line":20},"3":{"name":"(anonymous_3)","decl":{"start":{"line":30,"column":2},"end":{"line":30,"column":3}},"loc":{"start":{"line":30,"column":8},"end":{"line":33,"column":3}},"line":30}},"branchMap":{"0":{"loc":{"start":{"line":21,"column":4},"end":{"line":21,"column":40}},"type":"if","locations":[{"start":{"line":21,"column":4},"end":{"line":21,"column":40}},{"start":{},"end":{}}],"line":21},"1":{"loc":{"start":{"line":31,"column":4},"end":{"line":31,"column":40}},"type":"if","locations":[{"start":{"line":31,"column":4},"end":{"line":31,"column":40}},{"start":{},"end":{}}],"line":31}},"s":{"0":2085,"1":2085,"2":2085,"3":2085,"4":0,"5":1577,"6":1577,"7":1577,"8":1577,"9":1577,"10":1590,"11":13,"12":1577,"13":1577,"14":1577,"15":1577,"16":40,"17":24,"18":16},"f":{"0":0,"1":1577,"2":1590,"3":40},"b":{"0":[13,1577],"1":[24,16]},"_coverageSchema":"1a1c01bbd47fc00a2c39e90264f33305004495a9","hash":"9604c66d6c21c1039a2772f3088c8ce2ae7cc73e"}
}
