{"C:\\Users\\Егор\\Desktop\\OOOP-2-Sem\\First Lab\\script\\Intersection.js": {"path":"C:\\Users\\Егор\\Desktop\\OOOP-2-Sem\\First Lab\\script\\Intersection.js","statementMap":{"0":{"start":{"line":7,"column":15},"end":{"line":7,"column":30}},"1":{"start":{"line":8,"column":23},"end":{"line":8,"column":25}},"2":{"start":{"line":10,"column":38},"end":{"line":10,"column":98}},"3":{"start":{"line":11,"column":2},"end":{"line":11,"column":51}},"4":{"start":{"line":13,"column":2},"end":{"line":34,"column":3}},"5":{"start":{"line":13,"column":15},"end":{"line":13,"column":16}},"6":{"start":{"line":14,"column":15},"end":{"line":14,"column":49}},"7":{"start":{"line":15,"column":15},"end":{"line":15,"column":55}},"8":{"start":{"line":16,"column":15},"end":{"line":16,"column":79}},"9":{"start":{"line":17,"column":15},"end":{"line":17,"column":79}},"10":{"start":{"line":20,"column":4},"end":{"line":26,"column":5}},"11":{"start":{"line":21,"column":6},"end":{"line":21,"column":100}},"12":{"start":{"line":22,"column":6},"end":{"line":22,"column":15}},"13":{"start":{"line":23,"column":11},"end":{"line":26,"column":5}},"14":{"start":{"line":24,"column":6},"end":{"line":24,"column":130}},"15":{"start":{"line":24,"column":36},"end":{"line":24,"column":130}},"16":{"start":{"line":25,"column":6},"end":{"line":25,"column":15}},"17":{"start":{"line":28,"column":4},"end":{"line":28,"column":49}},"18":{"start":{"line":28,"column":40},"end":{"line":28,"column":49}},"19":{"start":{"line":30,"column":4},"end":{"line":30,"column":30}},"20":{"start":{"line":30,"column":21},"end":{"line":30,"column":30}},"21":{"start":{"line":32,"column":4},"end":{"line":32,"column":79}},"22":{"start":{"line":33,"column":4},"end":{"line":33,"column":108}},"23":{"start":{"line":36,"column":2},"end":{"line":36,"column":22}},"24":{"start":{"line":40,"column":14},"end":{"line":40,"column":20}},"25":{"start":{"line":41,"column":14},"end":{"line":41,"column":34}},"26":{"start":{"line":43,"column":2},"end":{"line":47,"column":3}},"27":{"start":{"line":44,"column":23},"end":{"line":45,"column":98}},"28":{"start":{"line":46,"column":4},"end":{"line":46,"column":113}},"29":{"start":{"line":49,"column":2},"end":{"line":49,"column":15}}},"fnMap":{"0":{"name":"getIntersectionPoints","decl":{"start":{"line":6,"column":9},"end":{"line":6,"column":30}},"loc":{"start":{"line":6,"column":111},"end":{"line":37,"column":1}},"line":6},"1":{"name":"newtonMethod","decl":{"start":{"line":39,"column":9},"end":{"line":39,"column":21}},"loc":{"start":{"line":39,"column":63},"end":{"line":50,"column":1}},"line":39}},"branchMap":{"0":{"loc":{"start":{"line":20,"column":4},"end":{"line":26,"column":5}},"type":"if","locations":[{"start":{"line":20,"column":4},"end":{"line":26,"column":5}},{"start":{"line":23,"column":11},"end":{"line":26,"column":5}}],"line":20},"1":{"loc":{"start":{"line":23,"column":11},"end":{"line":26,"column":5}},"type":"if","locations":[{"start":{"line":23,"column":11},"end":{"line":26,"column":5}},{"start":{},"end":{}}],"line":23},"2":{"loc":{"start":{"line":24,"column":6},"end":{"line":24,"column":130}},"type":"if","locations":[{"start":{"line":24,"column":6},"end":{"line":24,"column":130}},{"start":{},"end":{}}],"line":24},"3":{"loc":{"start":{"line":28,"column":4},"end":{"line":28,"column":49}},"type":"if","locations":[{"start":{"line":28,"column":4},"end":{"line":28,"column":49}},{"start":{},"end":{}}],"line":28},"4":{"loc":{"start":{"line":28,"column":8},"end":{"line":28,"column":38}},"type":"binary-expr","locations":[{"start":{"line":28,"column":8},"end":{"line":28,"column":21}},{"start":{"line":28,"column":25},"end":{"line":28,"column":38}}],"line":28},"5":{"loc":{"start":{"line":30,"column":4},"end":{"line":30,"column":30}},"type":"if","locations":[{"start":{"line":30,"column":4},"end":{"line":30,"column":30}},{"start":{},"end":{}}],"line":30}},"s":{"0":0,"1":0,"2":0,"3":0,"4":0,"5":0,"6":0,"7":0,"8":0,"9":0,"10":0,"11":0,"12":0,"13":0,"14":0,"15":0,"16":0,"17":0,"18":0,"19":0,"20":0,"21":0,"22":0,"23":0,"24":17,"25":17,"26":17,"27":64,"28":64,"29":17},"f":{"0":0,"1":17},"b":{"0":[0,0],"1":[0,0],"2":[0,0],"3":[0,0],"4":[0,0],"5":[0,0]},"_coverageSchema":"1a1c01bbd47fc00a2c39e90264f33305004495a9","hash":"2ba77a47009b6f3f1a520d6e152fc3138f491e80"}
,"C:\\Users\\Егор\\Desktop\\OOOP-2-Sem\\First Lab\\script\\ReversePolishNotation.js": {"path":"C:\\Users\\Егор\\Desktop\\OOOP-2-Sem\\First Lab\\script\\ReversePolishNotation.js","statementMap":{"0":{"start":{"line":5,"column":18},"end":{"line":15,"column":1}},"1":{"start":{"line":18,"column":17},"end":{"line":18,"column":28}},"2":{"start":{"line":19,"column":36},"end":{"line":19,"column":69}},"3":{"start":{"line":20,"column":17},"end":{"line":20,"column":50}},"4":{"start":{"line":23,"column":2},"end":{"line":120,"column":3}},"5":{"start":{"line":24,"column":4},"end":{"line":117,"column":5}},"6":{"start":{"line":26,"column":8},"end":{"line":26,"column":59}},"7":{"start":{"line":27,"column":8},"end":{"line":27,"column":14}},"8":{"start":{"line":29,"column":8},"end":{"line":29,"column":52}},"9":{"start":{"line":30,"column":8},"end":{"line":30,"column":14}},"10":{"start":{"line":32,"column":8},"end":{"line":32,"column":66}},"11":{"start":{"line":34,"column":8},"end":{"line":34,"column":39}},"12":{"start":{"line":34,"column":28},"end":{"line":34,"column":39}},"13":{"start":{"line":36,"column":8},"end":{"line":36,"column":68}},"14":{"start":{"line":37,"column":8},"end":{"line":37,"column":14}},"15":{"start":{"line":39,"column":8},"end":{"line":39,"column":66}},"16":{"start":{"line":41,"column":8},"end":{"line":41,"column":39}},"17":{"start":{"line":41,"column":28},"end":{"line":41,"column":39}},"18":{"start":{"line":43,"column":8},"end":{"line":43,"column":70}},"19":{"start":{"line":44,"column":8},"end":{"line":44,"column":14}},"20":{"start":{"line":46,"column":8},"end":{"line":46,"column":66}},"21":{"start":{"line":47,"column":8},"end":{"line":47,"column":68}},"22":{"start":{"line":48,"column":8},"end":{"line":48,"column":14}},"23":{"start":{"line":50,"column":8},"end":{"line":50,"column":66}},"24":{"start":{"line":51,"column":8},"end":{"line":51,"column":68}},"25":{"start":{"line":52,"column":8},"end":{"line":52,"column":14}},"26":{"start":{"line":54,"column":8},"end":{"line":54,"column":66}},"27":{"start":{"line":55,"column":8},"end":{"line":55,"column":68}},"28":{"start":{"line":56,"column":8},"end":{"line":56,"column":14}},"29":{"start":{"line":58,"column":8},"end":{"line":58,"column":66}},"30":{"start":{"line":59,"column":8},"end":{"line":59,"column":72}},"31":{"start":{"line":60,"column":8},"end":{"line":60,"column":14}},"32":{"start":{"line":62,"column":8},"end":{"line":62,"column":66}},"33":{"start":{"line":63,"column":8},"end":{"line":63,"column":69}},"34":{"start":{"line":64,"column":8},"end":{"line":64,"column":14}},"35":{"start":{"line":66,"column":8},"end":{"line":66,"column":66}},"36":{"start":{"line":67,"column":8},"end":{"line":67,"column":69}},"37":{"start":{"line":68,"column":8},"end":{"line":68,"column":14}},"38":{"start":{"line":70,"column":8},"end":{"line":70,"column":66}},"39":{"start":{"line":71,"column":8},"end":{"line":71,"column":69}},"40":{"start":{"line":72,"column":8},"end":{"line":72,"column":14}},"41":{"start":{"line":74,"column":8},"end":{"line":74,"column":66}},"42":{"start":{"line":75,"column":8},"end":{"line":75,"column":83}},"43":{"start":{"line":76,"column":8},"end":{"line":76,"column":14}},"44":{"start":{"line":78,"column":8},"end":{"line":78,"column":70}},"45":{"start":{"line":79,"column":8},"end":{"line":79,"column":69}},"46":{"start":{"line":81,"column":8},"end":{"line":81,"column":78}},"47":{"start":{"line":81,"column":67},"end":{"line":81,"column":78}},"48":{"start":{"line":83,"column":8},"end":{"line":83,"column":105}},"49":{"start":{"line":84,"column":8},"end":{"line":84,"column":14}},"50":{"start":{"line":86,"column":8},"end":{"line":86,"column":29}},"51":{"start":{"line":87,"column":8},"end":{"line":87,"column":63}},"52":{"start":{"line":88,"column":8},"end":{"line":88,"column":14}},"53":{"start":{"line":90,"column":8},"end":{"line":90,"column":29}},"54":{"start":{"line":91,"column":8},"end":{"line":91,"column":29}},"55":{"start":{"line":92,"column":8},"end":{"line":92,"column":91}},"56":{"start":{"line":93,"column":8},"end":{"line":93,"column":14}},"57":{"start":{"line":95,"column":8},"end":{"line":95,"column":29}},"58":{"start":{"line":96,"column":8},"end":{"line":96,"column":29}},"59":{"start":{"line":97,"column":8},"end":{"line":97,"column":91}},"60":{"start":{"line":98,"column":8},"end":{"line":98,"column":14}},"61":{"start":{"line":100,"column":8},"end":{"line":100,"column":29}},"62":{"start":{"line":101,"column":8},"end":{"line":101,"column":29}},"63":{"start":{"line":102,"column":8},"end":{"line":102,"column":91}},"64":{"start":{"line":103,"column":8},"end":{"line":103,"column":14}},"65":{"start":{"line":105,"column":8},"end":{"line":105,"column":29}},"66":{"start":{"line":106,"column":8},"end":{"line":106,"column":29}},"67":{"start":{"line":107,"column":8},"end":{"line":107,"column":91}},"68":{"start":{"line":108,"column":8},"end":{"line":108,"column":14}},"69":{"start":{"line":110,"column":8},"end":{"line":110,"column":29}},"70":{"start":{"line":111,"column":8},"end":{"line":111,"column":29}},"71":{"start":{"line":113,"column":8},"end":{"line":113,"column":55}},"72":{"start":{"line":113,"column":44},"end":{"line":113,"column":55}},"73":{"start":{"line":115,"column":8},"end":{"line":115,"column":100}},"74":{"start":{"line":116,"column":8},"end":{"line":116,"column":14}},"75":{"start":{"line":119,"column":4},"end":{"line":119,"column":49}},"76":{"start":{"line":122,"column":2},"end":{"line":122,"column":22}},"77":{"start":{"line":126,"column":17},"end":{"line":126,"column":28}},"78":{"start":{"line":127,"column":20},"end":{"line":127,"column":31}},"79":{"start":{"line":128,"column":16},"end":{"line":128,"column":24}},"80":{"start":{"line":129,"column":20},"end":{"line":129,"column":21}},"81":{"start":{"line":130,"column":22},"end":{"line":130,"column":27}},"82":{"start":{"line":131,"column":21},"end":{"line":131,"column":26}},"83":{"start":{"line":133,"column":2},"end":{"line":200,"column":3}},"84":{"start":{"line":134,"column":4},"end":{"line":161,"column":5}},"85":{"start":{"line":135,"column":26},"end":{"line":135,"column":61}},"86":{"start":{"line":136,"column":6},"end":{"line":141,"column":7}},"87":{"start":{"line":137,"column":8},"end":{"line":137,"column":36}},"88":{"start":{"line":138,"column":8},"end":{"line":138,"column":33}},"89":{"start":{"line":139,"column":8},"end":{"line":139,"column":29}},"90":{"start":{"line":140,"column":8},"end":{"line":140,"column":17}},"91":{"start":{"line":143,"column":27},"end":{"line":143,"column":53}},"92":{"start":{"line":145,"column":6},"end":{"line":145,"column":111}},"93":{"start":{"line":145,"column":99},"end":{"line":145,"column":111}},"94":{"start":{"line":147,"column":6},"end":{"line":153,"column":7}},"95":{"start":{"line":148,"column":8},"end":{"line":148,"column":105}},"96":{"start":{"line":148,"column":93},"end":{"line":148,"column":105}},"97":{"start":{"line":150,"column":8},"end":{"line":150,"column":34}},"98":{"start":{"line":151,"column":8},"end":{"line":151,"column":40}},"99":{"start":{"line":152,"column":8},"end":{"line":152,"column":17}},"100":{"start":{"line":155,"column":6},"end":{"line":155,"column":38}},"101":{"start":{"line":156,"column":6},"end":{"line":156,"column":32}},"102":{"start":{"line":157,"column":6},"end":{"line":157,"column":20}},"103":{"start":{"line":158,"column":6},"end":{"line":158,"column":27}},"104":{"start":{"line":160,"column":6},"end":{"line":160,"column":15}},"105":{"start":{"line":163,"column":25},"end":{"line":163,"column":51}},"106":{"start":{"line":165,"column":4},"end":{"line":165,"column":25}},"107":{"start":{"line":167,"column":4},"end":{"line":167,"column":75}},"108":{"start":{"line":167,"column":63},"end":{"line":167,"column":75}},"109":{"start":{"line":169,"column":4},"end":{"line":182,"column":5}},"110":{"start":{"line":170,"column":25},"end":{"line":170,"column":40}},"111":{"start":{"line":172,"column":6},"end":{"line":175,"column":7}},"112":{"start":{"line":173,"column":8},"end":{"line":173,"column":34}},"113":{"start":{"line":174,"column":8},"end":{"line":174,"column":39}},"114":{"start":{"line":177,"column":6},"end":{"line":177,"column":66}},"115":{"start":{"line":177,"column":29},"end":{"line":177,"column":66}},"116":{"start":{"line":179,"column":6},"end":{"line":179,"column":32}},"117":{"start":{"line":180,"column":6},"end":{"line":180,"column":20}},"118":{"start":{"line":181,"column":6},"end":{"line":181,"column":15}},"119":{"start":{"line":184,"column":23},"end":{"line":184,"column":38}},"120":{"start":{"line":186,"column":4},"end":{"line":189,"column":5}},"121":{"start":{"line":187,"column":6},"end":{"line":187,"column":35}},"122":{"start":{"line":188,"column":6},"end":{"line":188,"column":37}},"123":{"start":{"line":191,"column":4},"end":{"line":195,"column":5}},"124":{"start":{"line":192,"column":6},"end":{"line":192,"column":39}},"125":{"start":{"line":192,"column":27},"end":{"line":192,"column":39}},"126":{"start":{"line":194,"column":6},"end":{"line":194,"column":43}},"127":{"start":{"line":197,"column":4},"end":{"line":197,"column":30}},"128":{"start":{"line":198,"column":4},"end":{"line":198,"column":36}},"129":{"start":{"line":199,"column":4},"end":{"line":199,"column":26}},"130":{"start":{"line":202,"column":2},"end":{"line":202,"column":53}},"131":{"start":{"line":202,"column":41},"end":{"line":202,"column":53}},"132":{"start":{"line":204,"column":2},"end":{"line":206,"column":3}},"133":{"start":{"line":205,"column":4},"end":{"line":205,"column":33}},"134":{"start":{"line":208,"column":2},"end":{"line":208,"column":27}},"135":{"start":{"line":212,"column":16},"end":{"line":212,"column":24}},"136":{"start":{"line":213,"column":18},"end":{"line":216,"column":3}},"137":{"start":{"line":218,"column":2},"end":{"line":221,"column":3}},"138":{"start":{"line":219,"column":4},"end":{"line":219,"column":14}},"139":{"start":{"line":220,"column":4},"end":{"line":220,"column":44}},"140":{"start":{"line":220,"column":32},"end":{"line":220,"column":44}},"141":{"start":{"line":223,"column":2},"end":{"line":227,"column":3}},"142":{"start":{"line":224,"column":4},"end":{"line":224,"column":25}},"143":{"start":{"line":226,"column":4},"end":{"line":226,"column":34}},"144":{"start":{"line":229,"column":2},"end":{"line":234,"column":3}},"145":{"start":{"line":230,"column":4},"end":{"line":230,"column":25}},"146":{"start":{"line":231,"column":4},"end":{"line":231,"column":27}},"147":{"start":{"line":233,"column":4},"end":{"line":233,"column":34}},"148":{"start":{"line":236,"column":2},"end":{"line":245,"column":3}},"149":{"start":{"line":237,"column":4},"end":{"line":237,"column":14}},"150":{"start":{"line":239,"column":4},"end":{"line":239,"column":69}},"151":{"start":{"line":239,"column":57},"end":{"line":239,"column":69}},"152":{"start":{"line":241,"column":4},"end":{"line":241,"column":25}},"153":{"start":{"line":242,"column":4},"end":{"line":242,"column":28}},"154":{"start":{"line":244,"column":4},"end":{"line":244,"column":34}},"155":{"start":{"line":247,"column":2},"end":{"line":275,"column":3}},"156":{"start":{"line":248,"column":14},"end":{"line":248,"column":16}},"157":{"start":{"line":250,"column":4},"end":{"line":255,"column":5}},"158":{"start":{"line":251,"column":6},"end":{"line":251,"column":27}},"159":{"start":{"line":252,"column":6},"end":{"line":252,"column":16}},"160":{"start":{"line":254,"column":6},"end":{"line":254,"column":40}},"161":{"start":{"line":254,"column":34},"end":{"line":254,"column":40}},"162":{"start":{"line":257,"column":4},"end":{"line":269,"column":5}},"163":{"start":{"line":258,"column":6},"end":{"line":258,"column":17}},"164":{"start":{"line":259,"column":6},"end":{"line":259,"column":16}},"165":{"start":{"line":261,"column":6},"end":{"line":261,"column":73}},"166":{"start":{"line":261,"column":61},"end":{"line":261,"column":73}},"167":{"start":{"line":263,"column":6},"end":{"line":268,"column":7}},"168":{"start":{"line":264,"column":8},"end":{"line":264,"column":29}},"169":{"start":{"line":265,"column":8},"end":{"line":265,"column":18}},"170":{"start":{"line":267,"column":8},"end":{"line":267,"column":42}},"171":{"start":{"line":267,"column":36},"end":{"line":267,"column":42}},"172":{"start":{"line":271,"column":4},"end":{"line":271,"column":25}},"173":{"start":{"line":272,"column":4},"end":{"line":272,"column":25}},"174":{"start":{"line":274,"column":4},"end":{"line":274,"column":30}},"175":{"start":{"line":277,"column":19},"end":{"line":277,"column":38}},"176":{"start":{"line":279,"column":2},"end":{"line":303,"column":3}},"177":{"start":{"line":282,"column":15},"end":{"line":282,"column":17}},"178":{"start":{"line":284,"column":4},"end":{"line":287,"column":5}},"179":{"start":{"line":285,"column":6},"end":{"line":285,"column":28}},"180":{"start":{"line":286,"column":6},"end":{"line":286,"column":16}},"181":{"start":{"line":289,"column":20},"end":{"line":289,"column":63}},"182":{"start":{"line":291,"column":4},"end":{"line":291,"column":38}},"183":{"start":{"line":291,"column":26},"end":{"line":291,"column":38}},"184":{"start":{"line":293,"column":4},"end":{"line":293,"column":25}},"185":{"start":{"line":295,"column":4},"end":{"line":295,"column":44}},"186":{"start":{"line":295,"column":32},"end":{"line":295,"column":44}},"187":{"start":{"line":297,"column":4},"end":{"line":297,"column":43}},"188":{"start":{"line":297,"column":31},"end":{"line":297,"column":43}},"189":{"start":{"line":299,"column":4},"end":{"line":299,"column":24}},"190":{"start":{"line":300,"column":4},"end":{"line":300,"column":31}},"191":{"start":{"line":302,"column":4},"end":{"line":302,"column":34}},"192":{"start":{"line":305,"column":2},"end":{"line":330,"column":3}},"193":{"start":{"line":306,"column":24},"end":{"line":306,"column":67}},"194":{"start":{"line":308,"column":4},"end":{"line":308,"column":42}},"195":{"start":{"line":308,"column":30},"end":{"line":308,"column":42}},"196":{"start":{"line":310,"column":4},"end":{"line":310,"column":29}},"197":{"start":{"line":312,"column":4},"end":{"line":312,"column":44}},"198":{"start":{"line":312,"column":32},"end":{"line":312,"column":44}},"199":{"start":{"line":314,"column":4},"end":{"line":314,"column":43}},"200":{"start":{"line":314,"column":31},"end":{"line":314,"column":43}},"201":{"start":{"line":316,"column":23},"end":{"line":316,"column":66}},"202":{"start":{"line":318,"column":4},"end":{"line":318,"column":41}},"203":{"start":{"line":318,"column":29},"end":{"line":318,"column":41}},"204":{"start":{"line":320,"column":4},"end":{"line":320,"column":28}},"205":{"start":{"line":322,"column":4},"end":{"line":322,"column":44}},"206":{"start":{"line":322,"column":32},"end":{"line":322,"column":44}},"207":{"start":{"line":324,"column":4},"end":{"line":324,"column":43}},"208":{"start":{"line":324,"column":31},"end":{"line":324,"column":43}},"209":{"start":{"line":326,"column":4},"end":{"line":326,"column":25}},"210":{"start":{"line":327,"column":4},"end":{"line":327,"column":52}},"211":{"start":{"line":329,"column":4},"end":{"line":329,"column":34}},"212":{"start":{"line":332,"column":2},"end":{"line":332,"column":14}},"213":{"start":{"line":336,"column":16},"end":{"line":336,"column":24}},"214":{"start":{"line":339,"column":2},"end":{"line":343,"column":3}},"215":{"start":{"line":340,"column":4},"end":{"line":340,"column":14}},"216":{"start":{"line":342,"column":4},"end":{"line":342,"column":44}},"217":{"start":{"line":342,"column":32},"end":{"line":342,"column":44}},"218":{"start":{"line":345,"column":2},"end":{"line":345,"column":23}},"219":{"start":{"line":347,"column":2},"end":{"line":349,"column":3}},"220":{"start":{"line":348,"column":4},"end":{"line":348,"column":42}},"221":{"start":{"line":350,"column":2},"end":{"line":350,"column":14}},"222":{"start":{"line":354,"column":2},"end":{"line":354,"column":39}}},"fnMap":{"0":{"name":"calcReversePolishNotation","decl":{"start":{"line":17,"column":9},"end":{"line":17,"column":34}},"loc":{"start":{"line":17,"column":68},"end":{"line":123,"column":1}},"line":17},"1":{"name":"getReversePolishNotation","decl":{"start":{"line":125,"column":9},"end":{"line":125,"column":33}},"loc":{"start":{"line":125,"column":70},"end":{"line":209,"column":1}},"line":125},"2":{"name":"getOperand","decl":{"start":{"line":211,"column":9},"end":{"line":211,"column":19}},"loc":{"start":{"line":211,"column":56},"end":{"line":333,"column":1}},"line":211},"3":{"name":"getOperator","decl":{"start":{"line":335,"column":9},"end":{"line":335,"column":20}},"loc":{"start":{"line":335,"column":41},"end":{"line":351,"column":1}},"line":335},"4":{"name":"isDigit","decl":{"start":{"line":353,"column":9},"end":{"line":353,"column":16}},"loc":{"start":{"line":353,"column":23},"end":{"line":355,"column":1}},"line":353}},"branchMap":{"0":{"loc":{"start":{"line":24,"column":4},"end":{"line":117,"column":5}},"type":"switch","locations":[{"start":{"line":25,"column":6},"end":{"line":27,"column":14}},{"start":{"line":28,"column":6},"end":{"line":30,"column":14}},{"start":{"line":31,"column":6},"end":{"line":37,"column":14}},{"start":{"line":38,"column":6},"end":{"line":44,"column":14}},{"start":{"line":45,"column":6},"end":{"line":48,"column":14}},{"start":{"line":49,"column":6},"end":{"line":52,"column":14}},{"start":{"line":53,"column":6},"end":{"line":56,"column":14}},{"start":{"line":57,"column":6},"end":{"line":60,"column":14}},{"start":{"line":61,"column":6},"end":{"line":64,"column":14}},{"start":{"line":65,"column":6},"end":{"line":68,"column":14}},{"start":{"line":69,"column":6},"end":{"line":72,"column":14}},{"start":{"line":73,"column":6},"end":{"line":76,"column":14}},{"start":{"line":77,"column":6},"end":{"line":84,"column":14}},{"start":{"line":85,"column":6},"end":{"line":88,"column":14}},{"start":{"line":89,"column":6},"end":{"line":93,"column":14}},{"start":{"line":94,"column":6},"end":{"line":98,"column":14}},{"start":{"line":99,"column":6},"end":{"line":103,"column":14}},{"start":{"line":104,"column":6},"end":{"line":108,"column":14}},{"start":{"line":109,"column":6},"end":{"line":116,"column":14}}],"line":24},"1":{"loc":{"start":{"line":34,"column":8},"end":{"line":34,"column":39}},"type":"if","locations":[{"start":{"line":34,"column":8},"end":{"line":34,"column":39}},{"start":{},"end":{}}],"line":34},"2":{"loc":{"start":{"line":41,"column":8},"end":{"line":41,"column":39}},"type":"if","locations":[{"start":{"line":41,"column":8},"end":{"line":41,"column":39}},{"start":{},"end":{}}],"line":41},"3":{"loc":{"start":{"line":81,"column":8},"end":{"line":81,"column":78}},"type":"if","locations":[{"start":{"line":81,"column":8},"end":{"line":81,"column":78}},{"start":{},"end":{}}],"line":81},"4":{"loc":{"start":{"line":81,"column":12},"end":{"line":81,"column":65}},"type":"binary-expr","locations":[{"start":{"line":81,"column":12},"end":{"line":81,"column":27}},{"start":{"line":81,"column":31},"end":{"line":81,"column":47}},{"start":{"line":81,"column":51},"end":{"line":81,"column":65}}],"line":81},"5":{"loc":{"start":{"line":83,"column":79},"end":{"line":83,"column":102}},"type":"binary-expr","locations":[{"start":{"line":83,"column":79},"end":{"line":83,"column":88}},{"start":{"line":83,"column":92},"end":{"line":83,"column":102}}],"line":83},"6":{"loc":{"start":{"line":92,"column":62},"end":{"line":92,"column":88}},"type":"binary-expr","locations":[{"start":{"line":92,"column":62},"end":{"line":92,"column":73}},{"start":{"line":92,"column":77},"end":{"line":92,"column":88}}],"line":92},"7":{"loc":{"start":{"line":97,"column":62},"end":{"line":97,"column":88}},"type":"binary-expr","locations":[{"start":{"line":97,"column":62},"end":{"line":97,"column":73}},{"start":{"line":97,"column":77},"end":{"line":97,"column":88}}],"line":97},"8":{"loc":{"start":{"line":102,"column":62},"end":{"line":102,"column":88}},"type":"binary-expr","locations":[{"start":{"line":102,"column":62},"end":{"line":102,"column":73}},{"start":{"line":102,"column":77},"end":{"line":102,"column":88}}],"line":102},"9":{"loc":{"start":{"line":107,"column":62},"end":{"line":107,"column":88}},"type":"binary-expr","locations":[{"start":{"line":107,"column":62},"end":{"line":107,"column":73}},{"start":{"line":107,"column":77},"end":{"line":107,"column":88}}],"line":107},"10":{"loc":{"start":{"line":113,"column":8},"end":{"line":113,"column":55}},"type":"if","locations":[{"start":{"line":113,"column":8},"end":{"line":113,"column":55}},{"start":{},"end":{}}],"line":113},"11":{"loc":{"start":{"line":113,"column":12},"end":{"line":113,"column":42}},"type":"binary-expr","locations":[{"start":{"line":113,"column":12},"end":{"line":113,"column":27}},{"start":{"line":113,"column":31},"end":{"line":113,"column":42}}],"line":113},"12":{"loc":{"start":{"line":115,"column":71},"end":{"line":115,"column":97}},"type":"binary-expr","locations":[{"start":{"line":115,"column":71},"end":{"line":115,"column":82}},{"start":{"line":115,"column":86},"end":{"line":115,"column":97}}],"line":115},"13":{"loc":{"start":{"line":125,"column":40},"end":{"line":125,"column":52}},"type":"default-arg","locations":[{"start":{"line":125,"column":51},"end":{"line":125,"column":52}}],"line":125},"14":{"loc":{"start":{"line":125,"column":54},"end":{"line":125,"column":68}},"type":"default-arg","locations":[{"start":{"line":125,"column":65},"end":{"line":125,"column":68}}],"line":125},"15":{"loc":{"start":{"line":134,"column":4},"end":{"line":161,"column":5}},"type":"if","locations":[{"start":{"line":134,"column":4},"end":{"line":161,"column":5}},{"start":{},"end":{}}],"line":134},"16":{"loc":{"start":{"line":136,"column":6},"end":{"line":141,"column":7}},"type":"if","locations":[{"start":{"line":136,"column":6},"end":{"line":141,"column":7}},{"start":{},"end":{}}],"line":136},"17":{"loc":{"start":{"line":145,"column":6},"end":{"line":145,"column":111}},"type":"if","locations":[{"start":{"line":145,"column":6},"end":{"line":145,"column":111}},{"start":{},"end":{}}],"line":145},"18":{"loc":{"start":{"line":145,"column":10},"end":{"line":145,"column":97}},"type":"binary-expr","locations":[{"start":{"line":145,"column":10},"end":{"line":145,"column":31}},{"start":{"line":145,"column":36},"end":{"line":145,"column":64}},{"start":{"line":145,"column":68},"end":{"line":145,"column":96}}],"line":145},"19":{"loc":{"start":{"line":147,"column":6},"end":{"line":153,"column":7}},"type":"if","locations":[{"start":{"line":147,"column":6},"end":{"line":153,"column":7}},{"start":{},"end":{}}],"line":147},"20":{"loc":{"start":{"line":148,"column":8},"end":{"line":148,"column":105}},"type":"if","locations":[{"start":{"line":148,"column":8},"end":{"line":148,"column":105}},{"start":{},"end":{}}],"line":148},"21":{"loc":{"start":{"line":148,"column":12},"end":{"line":148,"column":91}},"type":"binary-expr","locations":[{"start":{"line":148,"column":12},"end":{"line":148,"column":24}},{"start":{"line":148,"column":28},"end":{"line":148,"column":58}},{"start":{"line":148,"column":62},"end":{"line":148,"column":91}}],"line":148},"22":{"loc":{"start":{"line":167,"column":4},"end":{"line":167,"column":75}},"type":"if","locations":[{"start":{"line":167,"column":4},"end":{"line":167,"column":75}},{"start":{},"end":{}}],"line":167},"23":{"loc":{"start":{"line":167,"column":8},"end":{"line":167,"column":61}},"type":"binary-expr","locations":[{"start":{"line":167,"column":8},"end":{"line":167,"column":29}},{"start":{"line":167,"column":33},"end":{"line":167,"column":61}}],"line":167},"24":{"loc":{"start":{"line":169,"column":4},"end":{"line":182,"column":5}},"type":"if","locations":[{"start":{"line":169,"column":4},"end":{"line":182,"column":5}},{"start":{},"end":{}}],"line":169},"25":{"loc":{"start":{"line":172,"column":13},"end":{"line":172,"column":63}},"type":"binary-expr","locations":[{"start":{"line":172,"column":13},"end":{"line":172,"column":34}},{"start":{"line":172,"column":38},"end":{"line":172,"column":63}}],"line":172},"26":{"loc":{"start":{"line":177,"column":6},"end":{"line":177,"column":66}},"type":"if","locations":[{"start":{"line":177,"column":6},"end":{"line":177,"column":66}},{"start":{},"end":{}}],"line":177},"27":{"loc":{"start":{"line":186,"column":11},"end":{"line":186,"column":85}},"type":"binary-expr","locations":[{"start":{"line":186,"column":11},"end":{"line":186,"column":32}},{"start":{"line":186,"column":36},"end":{"line":186,"column":85}}],"line":186},"28":{"loc":{"start":{"line":191,"column":4},"end":{"line":195,"column":5}},"type":"if","locations":[{"start":{"line":191,"column":4},"end":{"line":195,"column":5}},{"start":{},"end":{}}],"line":191},"29":{"loc":{"start":{"line":192,"column":6},"end":{"line":192,"column":39}},"type":"if","locations":[{"start":{"line":192,"column":6},"end":{"line":192,"column":39}},{"start":{},"end":{}}],"line":192},"30":{"loc":{"start":{"line":202,"column":2},"end":{"line":202,"column":53}},"type":"if","locations":[{"start":{"line":202,"column":2},"end":{"line":202,"column":53}},{"start":{},"end":{}}],"line":202},"31":{"loc":{"start":{"line":202,"column":6},"end":{"line":202,"column":39}},"type":"binary-expr","locations":[{"start":{"line":202,"column":6},"end":{"line":202,"column":21}},{"start":{"line":202,"column":25},"end":{"line":202,"column":39}}],"line":202},"32":{"loc":{"start":{"line":211,"column":26},"end":{"line":211,"column":38}},"type":"default-arg","locations":[{"start":{"line":211,"column":37},"end":{"line":211,"column":38}}],"line":211},"33":{"loc":{"start":{"line":211,"column":40},"end":{"line":211,"column":54}},"type":"default-arg","locations":[{"start":{"line":211,"column":51},"end":{"line":211,"column":54}}],"line":211},"34":{"loc":{"start":{"line":220,"column":4},"end":{"line":220,"column":44}},"type":"if","locations":[{"start":{"line":220,"column":4},"end":{"line":220,"column":44}},{"start":{},"end":{}}],"line":220},"35":{"loc":{"start":{"line":223,"column":2},"end":{"line":227,"column":3}},"type":"if","locations":[{"start":{"line":223,"column":2},"end":{"line":227,"column":3}},{"start":{},"end":{}}],"line":223},"36":{"loc":{"start":{"line":229,"column":2},"end":{"line":234,"column":3}},"type":"if","locations":[{"start":{"line":229,"column":2},"end":{"line":234,"column":3}},{"start":{},"end":{}}],"line":229},"37":{"loc":{"start":{"line":236,"column":2},"end":{"line":245,"column":3}},"type":"if","locations":[{"start":{"line":236,"column":2},"end":{"line":245,"column":3}},{"start":{},"end":{}}],"line":236},"38":{"loc":{"start":{"line":239,"column":4},"end":{"line":239,"column":69}},"type":"if","locations":[{"start":{"line":239,"column":4},"end":{"line":239,"column":69}},{"start":{},"end":{}}],"line":239},"39":{"loc":{"start":{"line":239,"column":8},"end":{"line":239,"column":55}},"type":"binary-expr","locations":[{"start":{"line":239,"column":8},"end":{"line":239,"column":30}},{"start":{"line":239,"column":34},"end":{"line":239,"column":55}}],"line":239},"40":{"loc":{"start":{"line":247,"column":2},"end":{"line":275,"column":3}},"type":"if","locations":[{"start":{"line":247,"column":2},"end":{"line":275,"column":3}},{"start":{},"end":{}}],"line":247},"41":{"loc":{"start":{"line":254,"column":6},"end":{"line":254,"column":40}},"type":"if","locations":[{"start":{"line":254,"column":6},"end":{"line":254,"column":40}},{"start":{},"end":{}}],"line":254},"42":{"loc":{"start":{"line":257,"column":4},"end":{"line":269,"column":5}},"type":"if","locations":[{"start":{"line":257,"column":4},"end":{"line":269,"column":5}},{"start":{},"end":{}}],"line":257},"43":{"loc":{"start":{"line":257,"column":8},"end":{"line":257,"column":54}},"type":"binary-expr","locations":[{"start":{"line":257,"column":8},"end":{"line":257,"column":29}},{"start":{"line":257,"column":33},"end":{"line":257,"column":54}}],"line":257},"44":{"loc":{"start":{"line":261,"column":6},"end":{"line":261,"column":73}},"type":"if","locations":[{"start":{"line":261,"column":6},"end":{"line":261,"column":73}},{"start":{},"end":{}}],"line":261},"45":{"loc":{"start":{"line":261,"column":10},"end":{"line":261,"column":59}},"type":"binary-expr","locations":[{"start":{"line":261,"column":10},"end":{"line":261,"column":32}},{"start":{"line":261,"column":36},"end":{"line":261,"column":59}}],"line":261},"46":{"loc":{"start":{"line":267,"column":8},"end":{"line":267,"column":42}},"type":"if","locations":[{"start":{"line":267,"column":8},"end":{"line":267,"column":42}},{"start":{},"end":{}}],"line":267},"47":{"loc":{"start":{"line":279,"column":2},"end":{"line":303,"column":3}},"type":"if","locations":[{"start":{"line":279,"column":2},"end":{"line":303,"column":3}},{"start":{},"end":{}}],"line":279},"48":{"loc":{"start":{"line":279,"column":6},"end":{"line":281,"column":71}},"type":"binary-expr","locations":[{"start":{"line":279,"column":6},"end":{"line":279,"column":32}},{"start":{"line":279,"column":36},"end":{"line":279,"column":62}},{"start":{"line":279,"column":66},"end":{"line":279,"column":93}},{"start":{"line":279,"column":97},"end":{"line":279,"column":124}},{"start":{"line":280,"column":7},"end":{"line":280,"column":34}},{"start":{"line":280,"column":38},"end":{"line":280,"column":65}},{"start":{"line":280,"column":69},"end":{"line":280,"column":99}},{"start":{"line":280,"column":103},"end":{"line":280,"column":133}},{"start":{"line":281,"column":7},"end":{"line":281,"column":37}},{"start":{"line":281,"column":41},"end":{"line":281,"column":71}}],"line":279},"49":{"loc":{"start":{"line":291,"column":4},"end":{"line":291,"column":38}},"type":"if","locations":[{"start":{"line":291,"column":4},"end":{"line":291,"column":38}},{"start":{},"end":{}}],"line":291},"50":{"loc":{"start":{"line":295,"column":4},"end":{"line":295,"column":44}},"type":"if","locations":[{"start":{"line":295,"column":4},"end":{"line":295,"column":44}},{"start":{},"end":{}}],"line":295},"51":{"loc":{"start":{"line":297,"column":4},"end":{"line":297,"column":43}},"type":"if","locations":[{"start":{"line":297,"column":4},"end":{"line":297,"column":43}},{"start":{},"end":{}}],"line":297},"52":{"loc":{"start":{"line":305,"column":2},"end":{"line":330,"column":3}},"type":"if","locations":[{"start":{"line":305,"column":2},"end":{"line":330,"column":3}},{"start":{},"end":{}}],"line":305},"53":{"loc":{"start":{"line":308,"column":4},"end":{"line":308,"column":42}},"type":"if","locations":[{"start":{"line":308,"column":4},"end":{"line":308,"column":42}},{"start":{},"end":{}}],"line":308},"54":{"loc":{"start":{"line":312,"column":4},"end":{"line":312,"column":44}},"type":"if","locations":[{"start":{"line":312,"column":4},"end":{"line":312,"column":44}},{"start":{},"end":{}}],"line":312},"55":{"loc":{"start":{"line":314,"column":4},"end":{"line":314,"column":43}},"type":"if","locations":[{"start":{"line":314,"column":4},"end":{"line":314,"column":43}},{"start":{},"end":{}}],"line":314},"56":{"loc":{"start":{"line":318,"column":4},"end":{"line":318,"column":41}},"type":"if","locations":[{"start":{"line":318,"column":4},"end":{"line":318,"column":41}},{"start":{},"end":{}}],"line":318},"57":{"loc":{"start":{"line":322,"column":4},"end":{"line":322,"column":44}},"type":"if","locations":[{"start":{"line":322,"column":4},"end":{"line":322,"column":44}},{"start":{},"end":{}}],"line":322},"58":{"loc":{"start":{"line":324,"column":4},"end":{"line":324,"column":43}},"type":"if","locations":[{"start":{"line":324,"column":4},"end":{"line":324,"column":43}},{"start":{},"end":{}}],"line":324},"59":{"loc":{"start":{"line":335,"column":27},"end":{"line":335,"column":39}},"type":"default-arg","locations":[{"start":{"line":335,"column":38},"end":{"line":335,"column":39}}],"line":335},"60":{"loc":{"start":{"line":342,"column":4},"end":{"line":342,"column":44}},"type":"if","locations":[{"start":{"line":342,"column":4},"end":{"line":342,"column":44}},{"start":{},"end":{}}],"line":342},"61":{"loc":{"start":{"line":347,"column":2},"end":{"line":349,"column":3}},"type":"if","locations":[{"start":{"line":347,"column":2},"end":{"line":349,"column":3}},{"start":{},"end":{}}],"line":347},"62":{"loc":{"start":{"line":354,"column":9},"end":{"line":354,"column":38}},"type":"binary-expr","locations":[{"start":{"line":354,"column":9},"end":{"line":354,"column":21}},{"start":{"line":354,"column":25},"end":{"line":354,"column":38}}],"line":354}},"s":{"0":2,"1":3321,"2":3321,"3":3321,"4":3321,"5":5558,"6":1067,"7":1067,"8":2016,"9":2016,"10":115,"11":115,"12":0,"13":115,"14":115,"15":109,"16":109,"17":0,"18":109,"19":109,"20":112,"21":112,"22":112,"23":109,"24":109,"25":109,"26":109,"27":109,"28":109,"29":106,"30":106,"31":106,"32":109,"33":109,"34":109,"35":112,"36":112,"37":112,"38":115,"39":115,"40":115,"41":109,"42":109,"43":109,"44":112,"45":112,"46":112,"47":0,"48":112,"49":112,"50":279,"51":279,"52":279,"53":151,"54":151,"55":151,"56":151,"57":211,"58":211,"59":211,"60":211,"61":130,"62":130,"63":130,"64":130,"65":130,"66":130,"67":130,"68":130,"69":357,"70":357,"71":357,"72":0,"73":357,"74":357,"75":5558,"76":3321,"77":3062,"78":3062,"79":3062,"80":3062,"81":3062,"82":3062,"83":3062,"84":6043,"85":4079,"86":4079,"87":3790,"88":3790,"89":3790,"90":3790,"91":289,"92":289,"93":7,"94":282,"95":281,"96":0,"97":281,"98":281,"99":281,"100":1,"101":1,"102":1,"103":1,"104":1,"105":1964,"106":1964,"107":1964,"108":1,"109":1963,"110":1123,"111":1123,"112":3,"113":3,"114":1123,"115":1122,"116":1,"117":1,"118":1,"119":840,"120":840,"121":11,"122":11,"123":840,"124":104,"125":0,"126":104,"127":736,"128":736,"129":736,"130":1828,"131":1,"132":1827,"133":1001,"134":1827,"135":4122,"136":4122,"137":4122,"138":542,"139":542,"140":0,"141":4122,"142":1846,"143":1846,"144":2276,"145":102,"146":102,"147":102,"148":2174,"149":2,"150":2,"151":0,"152":2,"153":2,"154":2,"155":2172,"156":755,"157":755,"158":2111,"159":2111,"160":2111,"161":31,"162":755,"163":703,"164":703,"165":703,"166":1,"167":702,"168":9450,"169":9450,"170":9450,"171":502,"172":754,"173":754,"174":754,"175":1417,"176":1417,"177":1022,"178":1022,"179":4084,"180":4084,"181":1022,"182":1022,"183":1,"184":1021,"185":1021,"186":1,"187":1020,"188":0,"189":1020,"190":1020,"191":1020,"192":395,"193":105,"194":105,"195":1,"196":104,"197":104,"198":0,"199":104,"200":0,"201":104,"202":104,"203":2,"204":102,"205":102,"206":0,"207":102,"208":0,"209":102,"210":102,"211":102,"212":290,"213":2269,"214":2269,"215":656,"216":656,"217":0,"218":2269,"219":2269,"220":2260,"221":9,"222":15359},"f":{"0":3321,"1":3062,"2":4122,"3":2269,"4":15359},"b":{"0":[1067,2016,115,109,112,109,109,106,109,112,115,109,112,279,151,211,130,130,357],"1":[0,115],"2":[0,109],"3":[0,112],"4":[112,112,112],"5":[112,0],"6":[151,127],"7":[211,211],"8":[130,100],"9":[130,112],"10":[0,357],"11":[357,12],"12":[357,130],"13":[1831],"14":[3062],"15":[4079,1964],"16":[3790,289],"17":[7,282],"18":[289,289,288],"19":[281,1],"20":[0,281],"21":[281,281,281],"22":[1,1963],"23":[1964,1963],"24":[1123,840],"25":[1126,4],"26":[1122,1],"27":[851,18],"28":[104,736],"29":[0,104],"30":[1,1827],"31":[1828,1828],"32":[26],"33":[42],"34":[0,542],"35":[1846,2276],"36":[102,2174],"37":[2,2172],"38":[0,2],"39":[2,2],"40":[755,1417],"41":[31,2080],"42":[703,52],"43":[755,724],"44":[1,702],"45":[703,702],"46":[502,8948],"47":[1022,395],"48":[1417,1313,1211,1109,1007,905,803,701,599,497],"49":[1,1021],"50":[1,1020],"51":[0,1020],"52":[105,290],"53":[1,104],"54":[0,104],"55":[0,104],"56":[2,102],"57":[0,102],"58":[0,102],"59":[8],"60":[0,656],"61":[2260,9],"62":[15359,15352]},"_coverageSchema":"1a1c01bbd47fc00a2c39e90264f33305004495a9","hash":"0c046135ac74c435319bcfa6793cb3676a69225c"}
,"C:\\Users\\Егор\\Desktop\\OOOP-2-Sem\\First Lab\\script\\classes\\Point.js": {"path":"C:\\Users\\Егор\\Desktop\\OOOP-2-Sem\\First Lab\\script\\classes\\Point.js","statementMap":{"0":{"start":{"line":3,"column":4},"end":{"line":3,"column":15}},"1":{"start":{"line":4,"column":4},"end":{"line":4,"column":15}}},"fnMap":{"0":{"name":"(anonymous_0)","decl":{"start":{"line":2,"column":2},"end":{"line":2,"column":3}},"loc":{"start":{"line":2,"column":20},"end":{"line":5,"column":3}},"line":2}},"branchMap":{},"s":{"0":0,"1":0},"f":{"0":0},"b":{},"_coverageSchema":"1a1c01bbd47fc00a2c39e90264f33305004495a9","hash":"f7efbc61c0fcb1f5523bdc2e6d0f84f98c9e1acd"}
,"C:\\Users\\Егор\\Desktop\\OOOP-2-Sem\\First Lab\\script\\classes\\Queue.js": {"path":"C:\\Users\\Егор\\Desktop\\OOOP-2-Sem\\First Lab\\script\\classes\\Queue.js","statementMap":{"0":{"start":{"line":2,"column":10},"end":{"line":2,"column":14}},"1":{"start":{"line":3,"column":9},"end":{"line":3,"column":13}},"2":{"start":{"line":4,"column":9},"end":{"line":4,"column":13}},"3":{"start":{"line":5,"column":9},"end":{"line":5,"column":13}},"4":{"start":{"line":6,"column":11},"end":{"line":6,"column":12}},"5":{"start":{"line":9,"column":4},"end":{"line":9,"column":23}},"6":{"start":{"line":13,"column":20},"end":{"line":13,"column":29}},"7":{"start":{"line":14,"column":4},"end":{"line":14,"column":26}},"8":{"start":{"line":15,"column":4},"end":{"line":15,"column":18}},"9":{"start":{"line":17,"column":4},"end":{"line":21,"column":5}},"10":{"start":{"line":18,"column":6},"end":{"line":18,"column":26}},"11":{"start":{"line":19,"column":6},"end":{"line":19,"column":26}},"12":{"start":{"line":20,"column":6},"end":{"line":20,"column":13}},"13":{"start":{"line":23,"column":4},"end":{"line":23,"column":29}},"14":{"start":{"line":24,"column":4},"end":{"line":24,"column":24}},"15":{"start":{"line":28,"column":4},"end":{"line":28,"column":40}},"16":{"start":{"line":28,"column":28},"end":{"line":28,"column":40}},"17":{"start":{"line":30,"column":21},"end":{"line":30,"column":36}},"18":{"start":{"line":31,"column":4},"end":{"line":31,"column":18}},"19":{"start":{"line":32,"column":4},"end":{"line":32,"column":31}},"20":{"start":{"line":33,"column":4},"end":{"line":33,"column":20}},"21":{"start":{"line":37,"column":4},"end":{"line":37,"column":40}},"22":{"start":{"line":37,"column":28},"end":{"line":37,"column":40}},"23":{"start":{"line":38,"column":4},"end":{"line":38,"column":27}},"24":{"start":{"line":42,"column":17},"end":{"line":42,"column":28}},"25":{"start":{"line":43,"column":19},"end":{"line":43,"column":29}},"26":{"start":{"line":45,"column":4},"end":{"line":48,"column":5}},"27":{"start":{"line":46,"column":6},"end":{"line":46,"column":32}},"28":{"start":{"line":47,"column":6},"end":{"line":47,"column":31}},"29":{"start":{"line":50,"column":4},"end":{"line":50,"column":16}},"30":{"start":{"line":54,"column":24},"end":{"line":54,"column":35}},"31":{"start":{"line":57,"column":4},"end":{"line":64,"column":5}},"32":{"start":{"line":58,"column":6},"end":{"line":58,"column":28}},"33":{"start":{"line":60,"column":6},"end":{"line":63,"column":7}},"34":{"start":{"line":61,"column":8},"end":{"line":61,"column":41}},"35":{"start":{"line":62,"column":8},"end":{"line":62,"column":33}},"36":{"start":{"line":66,"column":4},"end":{"line":66,"column":23}}},"fnMap":{"0":{"name":"(anonymous_0)","decl":{"start":{"line":8,"column":2},"end":{"line":8,"column":3}},"loc":{"start":{"line":8,"column":15},"end":{"line":10,"column":3}},"line":8},"1":{"name":"(anonymous_1)","decl":{"start":{"line":12,"column":2},"end":{"line":12,"column":3}},"loc":{"start":{"line":12,"column":14},"end":{"line":25,"column":3}},"line":12},"2":{"name":"(anonymous_2)","decl":{"start":{"line":27,"column":2},"end":{"line":27,"column":3}},"loc":{"start":{"line":27,"column":10},"end":{"line":34,"column":3}},"line":27},"3":{"name":"(anonymous_3)","decl":{"start":{"line":36,"column":2},"end":{"line":36,"column":3}},"loc":{"start":{"line":36,"column":8},"end":{"line":39,"column":3}},"line":36},"4":{"name":"(anonymous_4)","decl":{"start":{"line":41,"column":2},"end":{"line":41,"column":3}},"loc":{"start":{"line":41,"column":21},"end":{"line":51,"column":3}},"line":41},"5":{"name":"(anonymous_5)","decl":{"start":{"line":53,"column":2},"end":{"line":53,"column":3}},"loc":{"start":{"line":53,"column":27},"end":{"line":67,"column":3}},"line":53}},"branchMap":{"0":{"loc":{"start":{"line":17,"column":4},"end":{"line":21,"column":5}},"type":"if","locations":[{"start":{"line":17,"column":4},"end":{"line":21,"column":5}},{"start":{},"end":{}}],"line":17},"1":{"loc":{"start":{"line":28,"column":4},"end":{"line":28,"column":40}},"type":"if","locations":[{"start":{"line":28,"column":4},"end":{"line":28,"column":40}},{"start":{},"end":{}}],"line":28},"2":{"loc":{"start":{"line":37,"column":4},"end":{"line":37,"column":40}},"type":"if","locations":[{"start":{"line":37,"column":4},"end":{"line":37,"column":40}},{"start":{},"end":{}}],"line":37}},"s":{"0":16748,"1":16748,"2":16748,"3":16748,"4":16748,"5":0,"6":10364,"7":10364,"8":10364,"9":10364,"10":6378,"11":6378,"12":6378,"13":3986,"14":3986,"15":8879,"16":3321,"17":5558,"18":5558,"19":5558,"20":5558,"21":0,"22":0,"23":0,"24":3321,"25":3321,"26":3321,"27":5558,"28":5558,"29":3321,"30":0,"31":0,"32":0,"33":0,"34":0,"35":0,"36":0},"f":{"0":0,"1":10364,"2":8879,"3":0,"4":3321,"5":0},"b":{"0":[6378,3986],"1":[3321,5558],"2":[0,0]},"_coverageSchema":"1a1c01bbd47fc00a2c39e90264f33305004495a9","hash":"acac0e6c9af662429afa3e4391241e5a850b20fc"}
,"C:\\Users\\Егор\\Desktop\\OOOP-2-Sem\\First Lab\\script\\classes\\Stack.js": {"path":"C:\\Users\\Егор\\Desktop\\OOOP-2-Sem\\First Lab\\script\\classes\\Stack.js","statementMap":{"0":{"start":{"line":2,"column":10},"end":{"line":2,"column":14}},"1":{"start":{"line":3,"column":9},"end":{"line":3,"column":13}},"2":{"start":{"line":4,"column":9},"end":{"line":4,"column":13}},"3":{"start":{"line":5,"column":11},"end":{"line":5,"column":12}},"4":{"start":{"line":8,"column":4},"end":{"line":8,"column":23}},"5":{"start":{"line":12,"column":20},"end":{"line":12,"column":31}},"6":{"start":{"line":14,"column":4},"end":{"line":14,"column":26}},"7":{"start":{"line":15,"column":4},"end":{"line":15,"column":29}},"8":{"start":{"line":16,"column":4},"end":{"line":16,"column":24}},"9":{"start":{"line":17,"column":4},"end":{"line":17,"column":18}},"10":{"start":{"line":21,"column":4},"end":{"line":21,"column":40}},"11":{"start":{"line":21,"column":28},"end":{"line":21,"column":40}},"12":{"start":{"line":23,"column":21},"end":{"line":23,"column":36}},"13":{"start":{"line":24,"column":4},"end":{"line":24,"column":31}},"14":{"start":{"line":25,"column":4},"end":{"line":25,"column":18}},"15":{"start":{"line":27,"column":4},"end":{"line":27,"column":20}},"16":{"start":{"line":31,"column":4},"end":{"line":31,"column":40}},"17":{"start":{"line":31,"column":28},"end":{"line":31,"column":40}},"18":{"start":{"line":32,"column":4},"end":{"line":32,"column":27}}},"fnMap":{"0":{"name":"(anonymous_0)","decl":{"start":{"line":7,"column":2},"end":{"line":7,"column":3}},"loc":{"start":{"line":7,"column":15},"end":{"line":9,"column":3}},"line":7},"1":{"name":"(anonymous_1)","decl":{"start":{"line":11,"column":2},"end":{"line":11,"column":3}},"loc":{"start":{"line":11,"column":14},"end":{"line":18,"column":3}},"line":11},"2":{"name":"(anonymous_2)","decl":{"start":{"line":20,"column":2},"end":{"line":20,"column":3}},"loc":{"start":{"line":20,"column":8},"end":{"line":28,"column":3}},"line":20},"3":{"name":"(anonymous_3)","decl":{"start":{"line":30,"column":2},"end":{"line":30,"column":3}},"loc":{"start":{"line":30,"column":8},"end":{"line":33,"column":3}},"line":30}},"branchMap":{"0":{"loc":{"start":{"line":21,"column":4},"end":{"line":21,"column":40}},"type":"if","locations":[{"start":{"line":21,"column":4},"end":{"line":21,"column":40}},{"start":{},"end":{}}],"line":21},"1":{"loc":{"start":{"line":31,"column":4},"end":{"line":31,"column":40}},"type":"if","locations":[{"start":{"line":31,"column":4},"end":{"line":31,"column":40}},{"start":{},"end":{}}],"line":31}},"s":{"0":12959,"1":12959,"2":12959,"3":12959,"4":0,"5":6576,"6":6576,"7":6576,"8":6576,"9":6576,"10":7696,"11":1122,"12":6574,"13":6574,"14":6574,"15":6574,"16":851,"17":833,"18":18},"f":{"0":0,"1":6576,"2":7696,"3":851},"b":{"0":[1122,6574],"1":[833,18]},"_coverageSchema":"1a1c01bbd47fc00a2c39e90264f33305004495a9","hash":"9604c66d6c21c1039a2772f3088c8ce2ae7cc73e"}
}
