TN:
SF:First Lab\script\Intersection.js
FN:7,getIntersectionPoints
FN:40,newtonMethod
FNF:2
FNH:2
FNDA:3,getIntersectionPoints
FNDA:22,newtonMethod
DA:8,3
DA:9,3
DA:11,3
DA:12,3
DA:14,3
DA:15,3000
DA:16,3000
DA:17,3000
DA:18,3000
DA:21,3000
DA:22,0
DA:23,0
DA:24,3000
DA:25,0
DA:26,0
DA:29,3000
DA:31,2998
DA:33,5
DA:34,5
DA:37,3
DA:41,22
DA:42,22
DA:44,22
DA:45,75
DA:47,75
DA:50,22
LF:26
LH:22
BRDA:21,0,0,0
BRDA:21,0,1,3000
BRDA:24,1,0,0
BRDA:24,1,1,3000
BRDA:25,2,0,0
BRDA:25,2,1,0
BRDA:29,3,0,2
BRDA:29,3,1,2998
BRDA:29,4,0,3000
BRDA:29,4,1,2999
BRDA:31,5,0,2993
BRDA:31,5,1,5
BRF:12
BRH:8
end_of_record
TN:
SF:First Lab\script\ReversePolishNotation.js
FN:17,calcReversePolishNotation
FN:125,getReversePolishNotation
FN:211,getOperand
FN:335,getOperator
FN:353,isDigit
FNF:5
FNH:5
FNDA:13398,calcReversePolishNotation
FNDA:3070,getReversePolishNotation
FNDA:4121,getOperand
FNDA:2262,getOperator
FNDA:15371,isDigit
DA:5,2
DA:18,13398
DA:19,13398
DA:20,13398
DA:23,13398
DA:24,43790
DA:26,11116
DA:27,11116
DA:29,12089
DA:30,12089
DA:32,115
DA:34,115
DA:36,115
DA:37,115
DA:39,109
DA:41,109
DA:43,109
DA:44,109
DA:46,2133
DA:47,2133
DA:48,2133
DA:50,2127
DA:51,2127
DA:52,2127
DA:54,109
DA:55,109
DA:56,109
DA:58,106
DA:59,106
DA:60,106
DA:62,109
DA:63,109
DA:64,109
DA:66,112
DA:67,112
DA:68,112
DA:70,115
DA:71,115
DA:72,115
DA:74,109
DA:75,109
DA:76,109
DA:78,112
DA:79,112
DA:81,112
DA:83,112
DA:84,112
DA:86,266
DA:87,266
DA:88,266
DA:90,2168
DA:91,2168
DA:92,2168
DA:93,2168
DA:95,6244
DA:96,6244
DA:97,6244
DA:98,6244
DA:100,2147
DA:101,2147
DA:102,2147
DA:103,2147
DA:105,2130
DA:106,2130
DA:107,2130
DA:108,2130
DA:110,2374
DA:111,2374
DA:113,2374
DA:115,2374
DA:116,2374
DA:119,43790
DA:122,13398
DA:126,3070
DA:127,3070
DA:128,3070
DA:129,3070
DA:130,3070
DA:131,3070
DA:133,3070
DA:134,6048
DA:135,4078
DA:136,4078
DA:137,3802
DA:138,3802
DA:139,3802
DA:140,3802
DA:143,276
DA:145,276
DA:147,269
DA:148,268
DA:150,268
DA:151,268
DA:152,268
DA:155,1
DA:156,1
DA:157,1
DA:158,1
DA:160,1
DA:163,1970
DA:165,1970
DA:167,1970
DA:169,1969
DA:170,1125
DA:172,1125
DA:173,3
DA:174,3
DA:177,1125
DA:179,1
DA:180,1
DA:181,1
DA:184,844
DA:186,844
DA:187,12
DA:188,12
DA:191,844
DA:192,104
DA:194,104
DA:197,740
DA:198,740
DA:199,740
DA:202,1834
DA:204,1833
DA:205,991
DA:208,1833
DA:212,4121
DA:213,4121
DA:218,4121
DA:219,544
DA:220,544
DA:223,4121
DA:224,1851
DA:226,1851
DA:229,2270
DA:230,102
DA:231,102
DA:233,102
DA:236,2168
DA:237,2
DA:239,2
DA:241,2
DA:242,2
DA:244,2
DA:247,2166
DA:248,760
DA:250,760
DA:251,2169
DA:252,2169
DA:254,2169
DA:257,760
DA:258,703
DA:259,703
DA:261,703
DA:263,702
DA:264,9407
DA:265,9407
DA:267,9407
DA:271,759
DA:272,759
DA:274,759
DA:277,1406
DA:279,1406
DA:282,1024
DA:284,1024
DA:285,4090
DA:286,4090
DA:289,1024
DA:291,1024
DA:293,1023
DA:295,1023
DA:297,1022
DA:299,1022
DA:300,1022
DA:302,1022
DA:305,382
DA:306,105
DA:308,105
DA:310,104
DA:312,104
DA:314,104
DA:316,104
DA:318,104
DA:320,102
DA:322,102
DA:324,102
DA:326,102
DA:327,102
DA:329,102
DA:332,277
DA:336,2262
DA:339,2262
DA:340,646
DA:342,646
DA:345,2262
DA:347,2262
DA:348,2253
DA:350,9
DA:354,15371
LF:198
LH:198
BRDA:24,0,0,11116
BRDA:24,0,1,12089
BRDA:24,0,2,115
BRDA:24,0,3,109
BRDA:24,0,4,2133
BRDA:24,0,5,2127
BRDA:24,0,6,109
BRDA:24,0,7,106
BRDA:24,0,8,109
BRDA:24,0,9,112
BRDA:24,0,10,115
BRDA:24,0,11,109
BRDA:24,0,12,112
BRDA:24,0,13,266
BRDA:24,0,14,2168
BRDA:24,0,15,6244
BRDA:24,0,16,2147
BRDA:24,0,17,2130
BRDA:24,0,18,2374
BRDA:34,1,0,0
BRDA:34,1,1,115
BRDA:41,2,0,0
BRDA:41,2,1,109
BRDA:81,3,0,0
BRDA:81,3,1,112
BRDA:81,4,0,112
BRDA:81,4,1,112
BRDA:81,4,2,112
BRDA:83,5,0,112
BRDA:83,5,1,0
BRDA:92,6,0,2168
BRDA:92,6,1,127
BRDA:97,7,0,6244
BRDA:97,7,1,4226
BRDA:102,8,0,2147
BRDA:102,8,1,100
BRDA:107,9,0,2130
BRDA:107,9,1,112
BRDA:113,10,0,0
BRDA:113,10,1,2374
BRDA:113,11,0,2374
BRDA:113,11,1,1021
BRDA:115,12,0,2374
BRDA:115,12,1,2147
BRDA:125,13,0,1837
BRDA:125,14,0,3070
BRDA:134,15,0,4078
BRDA:134,15,1,1970
BRDA:136,16,0,3802
BRDA:136,16,1,276
BRDA:145,17,0,7
BRDA:145,17,1,269
BRDA:145,18,0,276
BRDA:145,18,1,276
BRDA:145,18,2,275
BRDA:147,19,0,268
BRDA:147,19,1,1
BRDA:148,20,0,0
BRDA:148,20,1,268
BRDA:148,21,0,268
BRDA:148,21,1,268
BRDA:148,21,2,268
BRDA:167,22,0,1
BRDA:167,22,1,1969
BRDA:167,23,0,1970
BRDA:167,23,1,1969
BRDA:169,24,0,1125
BRDA:169,24,1,844
BRDA:172,25,0,1128
BRDA:172,25,1,4
BRDA:177,26,0,1124
BRDA:177,26,1,1
BRDA:186,27,0,856
BRDA:186,27,1,20
BRDA:191,28,0,104
BRDA:191,28,1,740
BRDA:192,29,0,0
BRDA:192,29,1,104
BRDA:202,30,0,1
BRDA:202,30,1,1833
BRDA:202,31,0,1834
BRDA:202,31,1,1834
BRDA:211,32,0,26
BRDA:211,33,0,42
BRDA:220,34,0,0
BRDA:220,34,1,544
BRDA:223,35,0,1851
BRDA:223,35,1,2270
BRDA:229,36,0,102
BRDA:229,36,1,2168
BRDA:236,37,0,2
BRDA:236,37,1,2166
BRDA:239,38,0,0
BRDA:239,38,1,2
BRDA:239,39,0,2
BRDA:239,39,1,2
BRDA:247,40,0,760
BRDA:247,40,1,1406
BRDA:254,41,0,33
BRDA:254,41,1,2136
BRDA:257,42,0,703
BRDA:257,42,1,57
BRDA:257,43,0,760
BRDA:257,43,1,727
BRDA:261,44,0,1
BRDA:261,44,1,702
BRDA:261,45,0,703
BRDA:261,45,1,702
BRDA:267,46,0,502
BRDA:267,46,1,8905
BRDA:279,47,0,1024
BRDA:279,47,1,382
BRDA:279,48,0,1406
BRDA:279,48,1,1302
BRDA:279,48,2,1200
BRDA:279,48,3,1097
BRDA:279,48,4,994
BRDA:279,48,5,892
BRDA:279,48,6,790
BRDA:279,48,7,688
BRDA:279,48,8,586
BRDA:279,48,9,484
BRDA:291,49,0,1
BRDA:291,49,1,1023
BRDA:295,50,0,1
BRDA:295,50,1,1022
BRDA:297,51,0,0
BRDA:297,51,1,1022
BRDA:305,52,0,105
BRDA:305,52,1,277
BRDA:308,53,0,1
BRDA:308,53,1,104
BRDA:312,54,0,0
BRDA:312,54,1,104
BRDA:314,55,0,0
BRDA:314,55,1,104
BRDA:318,56,0,2
BRDA:318,56,1,102
BRDA:322,57,0,0
BRDA:322,57,1,102
BRDA:324,58,0,0
BRDA:324,58,1,102
BRDA:335,59,0,8
BRDA:342,60,0,0
BRDA:342,60,1,646
BRDA:347,61,0,2253
BRDA:347,61,1,9
BRDA:354,62,0,15371
BRDA:354,62,1,15362
BRF:149
BRH:134
end_of_record
TN:
SF:First Lab\script\classes\Point.js
FN:2,(anonymous_0)
FNF:1
FNH:1
FNDA:5,(anonymous_0)
DA:3,5
DA:4,5
LF:2
LH:2
BRF:0
BRH:0
end_of_record
TN:
SF:First Lab\script\classes\Queue.js
FN:8,(anonymous_0)
FN:12,(anonymous_1)
FN:27,(anonymous_2)
FN:36,(anonymous_3)
FN:41,(anonymous_4)
FN:53,(anonymous_5)
FNF:6
FNH:4
FNDA:0,(anonymous_0)
FNDA:48616,(anonymous_1)
FNDA:57188,(anonymous_2)
FNDA:0,(anonymous_3)
FNDA:13398,(anonymous_4)
FNDA:3,(anonymous_5)
DA:2,65088
DA:3,65088
DA:4,65088
DA:5,65088
DA:6,65088
DA:9,0
DA:13,48616
DA:14,48616
DA:15,48616
DA:17,48616
DA:18,16466
DA:19,16466
DA:20,16466
DA:23,32150
DA:24,32150
DA:28,57188
DA:30,43790
DA:31,43790
DA:32,43790
DA:33,43790
DA:37,0
DA:38,0
DA:42,13398
DA:43,13398
DA:45,13398
DA:46,43790
DA:47,43790
DA:50,13398
DA:54,3
DA:57,3
DA:58,6
DA:60,6
DA:61,14
DA:62,14
DA:66,3
LF:35
LH:32
BRDA:17,0,0,16466
BRDA:17,0,1,32150
BRDA:28,1,0,13398
BRDA:28,1,1,43790
BRDA:37,2,0,0
BRDA:37,2,1,0
BRF:6
BRH:4
end_of_record
TN:
SF:First Lab\script\classes\Stack.js
FN:7,(anonymous_0)
FN:11,(anonymous_1)
FN:20,(anonymous_2)
FN:30,(anonymous_3)
FNF:4
FNH:3
FNDA:0,(anonymous_0)
FNDA:44799,(anonymous_1)
FNDA:45921,(anonymous_2)
FNDA:856,(anonymous_3)
DA:2,61267
DA:3,61267
DA:4,61267
DA:5,61267
DA:8,0
DA:12,44799
DA:14,44799
DA:15,44799
DA:16,44799
DA:17,44799
DA:21,45921
DA:23,44797
DA:24,44797
DA:25,44797
DA:27,44797
DA:31,856
DA:32,20
LF:17
LH:16
BRDA:21,0,0,1124
BRDA:21,0,1,44797
BRDA:31,1,0,836
BRDA:31,1,1,20
BRF:4
BRH:4
end_of_record
