TN:
SF:First Lab\script\ReversePolishNotation.js
FN:17,calcReversePolishNotation
FN:125,getReversePolishNotation
FN:211,getOperand
FN:335,getOperator
FN:353,isDigit
FNF:5
FNH:5
FNDA:2,calcReversePolishNotation
FNDA:35,getReversePolishNotation
FNDA:92,getOperand
FNDA:55,getOperator
FNDA:114,isDigit
DA:5,1
DA:18,2
DA:19,2
DA:20,2
DA:23,2
DA:24,2
DA:26,0
DA:27,0
DA:29,1
DA:30,1
DA:32,0
DA:34,0
DA:36,0
DA:37,0
DA:39,0
DA:41,0
DA:43,0
DA:44,0
DA:46,1
DA:47,1
DA:48,1
DA:50,0
DA:51,0
DA:52,0
DA:54,0
DA:55,0
DA:56,0
DA:58,0
DA:59,0
DA:60,0
DA:62,0
DA:63,0
DA:64,0
DA:66,0
DA:67,0
DA:68,0
DA:70,0
DA:71,0
DA:72,0
DA:74,0
DA:75,0
DA:76,0
DA:78,0
DA:79,0
DA:81,0
DA:83,0
DA:84,0
DA:86,0
DA:87,0
DA:88,0
DA:90,0
DA:91,0
DA:92,0
DA:93,0
DA:95,0
DA:96,0
DA:97,0
DA:98,0
DA:100,0
DA:101,0
DA:102,0
DA:103,0
DA:105,0
DA:106,0
DA:107,0
DA:108,0
DA:110,0
DA:111,0
DA:113,0
DA:115,0
DA:116,0
DA:119,2
DA:122,2
DA:126,35
DA:127,35
DA:128,35
DA:129,35
DA:130,35
DA:131,35
DA:133,35
DA:134,78
DA:135,49
DA:136,49
DA:137,39
DA:138,39
DA:139,39
DA:140,39
DA:143,10
DA:145,10
DA:147,3
DA:148,2
DA:150,2
DA:151,2
DA:152,2
DA:155,1
DA:156,1
DA:157,1
DA:158,1
DA:160,1
DA:163,29
DA:165,29
DA:167,29
DA:169,28
DA:170,13
DA:172,13
DA:173,1
DA:174,1
DA:177,13
DA:179,1
DA:180,1
DA:181,1
DA:184,15
DA:186,15
DA:187,1
DA:188,1
DA:191,15
DA:192,3
DA:194,3
DA:197,12
DA:198,12
DA:199,12
DA:202,12
DA:204,11
DA:205,10
DA:208,11
DA:212,92
DA:213,92
DA:218,92
DA:219,28
DA:220,28
DA:223,92
DA:224,28
DA:226,28
DA:229,64
DA:230,1
DA:231,1
DA:233,1
DA:236,63
DA:237,1
DA:239,1
DA:241,1
DA:242,1
DA:244,1
DA:247,62
DA:248,34
DA:250,34
DA:251,38
DA:252,38
DA:254,38
DA:257,34
DA:258,2
DA:259,2
DA:261,2
DA:263,1
DA:264,1
DA:265,1
DA:267,1
DA:271,33
DA:272,33
DA:274,33
DA:277,28
DA:279,28
DA:282,13
DA:284,13
DA:285,47
DA:286,47
DA:289,13
DA:291,13
DA:293,12
DA:295,12
DA:297,11
DA:299,11
DA:300,11
DA:302,11
DA:305,15
DA:306,4
DA:308,4
DA:310,3
DA:312,3
DA:314,3
DA:316,3
DA:318,3
DA:320,1
DA:322,1
DA:324,1
DA:326,1
DA:327,1
DA:329,1
DA:332,11
DA:336,55
DA:339,55
DA:340,19
DA:342,19
DA:345,55
DA:347,55
DA:348,46
DA:350,9
DA:354,114
LF:198
LH:138
BRDA:24,0,0,0
BRDA:24,0,1,1
BRDA:24,0,2,0
BRDA:24,0,3,0
BRDA:24,0,4,1
BRDA:24,0,5,0
BRDA:24,0,6,0
BRDA:24,0,7,0
BRDA:24,0,8,0
BRDA:24,0,9,0
BRDA:24,0,10,0
BRDA:24,0,11,0
BRDA:24,0,12,0
BRDA:24,0,13,0
BRDA:24,0,14,0
BRDA:24,0,15,0
BRDA:24,0,16,0
BRDA:24,0,17,0
BRDA:24,0,18,0
BRDA:34,1,0,0
BRDA:34,1,1,0
BRDA:41,2,0,0
BRDA:41,2,1,0
BRDA:81,3,0,0
BRDA:81,3,1,0
BRDA:81,4,0,0
BRDA:81,4,1,0
BRDA:81,4,2,0
BRDA:83,5,0,0
BRDA:83,5,1,0
BRDA:92,6,0,0
BRDA:92,6,1,0
BRDA:97,7,0,0
BRDA:97,7,1,0
BRDA:102,8,0,0
BRDA:102,8,1,0
BRDA:107,9,0,0
BRDA:107,9,1,0
BRDA:113,10,0,0
BRDA:113,10,1,0
BRDA:113,11,0,0
BRDA:113,11,1,0
BRDA:115,12,0,0
BRDA:115,12,1,0
BRDA:125,13,0,15
BRDA:125,14,0,35
BRDA:134,15,0,49
BRDA:134,15,1,29
BRDA:136,16,0,39
BRDA:136,16,1,10
BRDA:145,17,0,7
BRDA:145,17,1,3
BRDA:145,18,0,10
BRDA:145,18,1,10
BRDA:145,18,2,9
BRDA:147,19,0,2
BRDA:147,19,1,1
BRDA:148,20,0,0
BRDA:148,20,1,2
BRDA:148,21,0,2
BRDA:148,21,1,2
BRDA:148,21,2,2
BRDA:167,22,0,1
BRDA:167,22,1,28
BRDA:167,23,0,29
BRDA:167,23,1,28
BRDA:169,24,0,13
BRDA:169,24,1,15
BRDA:172,25,0,14
BRDA:172,25,1,2
BRDA:177,26,0,12
BRDA:177,26,1,1
BRDA:186,27,0,16
BRDA:186,27,1,4
BRDA:191,28,0,3
BRDA:191,28,1,12
BRDA:192,29,0,0
BRDA:192,29,1,3
BRDA:202,30,0,1
BRDA:202,30,1,11
BRDA:202,31,0,12
BRDA:202,31,1,12
BRDA:211,32,0,26
BRDA:211,33,0,42
BRDA:220,34,0,0
BRDA:220,34,1,28
BRDA:223,35,0,28
BRDA:223,35,1,64
BRDA:229,36,0,1
BRDA:229,36,1,63
BRDA:236,37,0,1
BRDA:236,37,1,62
BRDA:239,38,0,0
BRDA:239,38,1,1
BRDA:239,39,0,1
BRDA:239,39,1,1
BRDA:247,40,0,34
BRDA:247,40,1,28
BRDA:254,41,0,22
BRDA:254,41,1,16
BRDA:257,42,0,2
BRDA:257,42,1,32
BRDA:257,43,0,34
BRDA:257,43,1,12
BRDA:261,44,0,1
BRDA:261,44,1,1
BRDA:261,45,0,2
BRDA:261,45,1,1
BRDA:267,46,0,1
BRDA:267,46,1,0
BRDA:279,47,0,13
BRDA:279,47,1,15
BRDA:279,48,0,28
BRDA:279,48,1,25
BRDA:279,48,2,24
BRDA:279,48,3,22
BRDA:279,48,4,21
BRDA:279,48,5,20
BRDA:279,48,6,19
BRDA:279,48,7,18
BRDA:279,48,8,17
BRDA:279,48,9,16
BRDA:291,49,0,1
BRDA:291,49,1,12
BRDA:295,50,0,1
BRDA:295,50,1,11
BRDA:297,51,0,0
BRDA:297,51,1,11
BRDA:305,52,0,4
BRDA:305,52,1,11
BRDA:308,53,0,1
BRDA:308,53,1,3
BRDA:312,54,0,0
BRDA:312,54,1,3
BRDA:314,55,0,0
BRDA:314,55,1,3
BRDA:318,56,0,2
BRDA:318,56,1,1
BRDA:322,57,0,0
BRDA:322,57,1,1
BRDA:324,58,0,0
BRDA:324,58,1,1
BRDA:335,59,0,8
BRDA:342,60,0,0
BRDA:342,60,1,19
BRDA:347,61,0,46
BRDA:347,61,1,9
BRDA:354,62,0,114
BRDA:354,62,1,109
BRF:149
BRH:96
end_of_record
TN:
SF:First Lab\script\classes\Queue.js
FN:8,(anonymous_0)
FN:12,(anonymous_1)
FN:27,(anonymous_2)
FN:36,(anonymous_3)
FN:41,(anonymous_4)
FN:53,(anonymous_5)
FNF:6
FNH:3
FNDA:0,(anonymous_0)
FNDA:54,(anonymous_1)
FNDA:4,(anonymous_2)
FNDA:0,(anonymous_3)
FNDA:2,(anonymous_4)
FNDA:0,(anonymous_5)
DA:2,92
DA:3,92
DA:4,92
DA:5,92
DA:6,92
DA:9,0
DA:13,54
DA:14,54
DA:15,54
DA:17,54
DA:18,32
DA:19,32
DA:20,32
DA:23,22
DA:24,22
DA:28,4
DA:30,2
DA:31,2
DA:32,2
DA:33,2
DA:37,0
DA:38,0
DA:42,2
DA:43,2
DA:45,2
DA:46,2
DA:47,2
DA:50,2
DA:54,0
DA:57,0
DA:58,0
DA:60,0
DA:61,0
DA:62,0
DA:66,0
LF:35
LH:25
BRDA:17,0,0,32
BRDA:17,0,1,22
BRDA:28,1,0,2
BRDA:28,1,1,2
BRDA:37,2,0,0
BRDA:37,2,1,0
BRF:6
BRH:4
end_of_record
TN:
SF:First Lab\script\classes\Stack.js
FN:7,(anonymous_0)
FN:11,(anonymous_1)
FN:20,(anonymous_2)
FN:30,(anonymous_3)
FNF:4
FNH:3
FNDA:0,(anonymous_0)
FNDA:17,(anonymous_1)
FNDA:27,(anonymous_2)
FNDA:16,(anonymous_3)
DA:2,54
DA:3,54
DA:4,54
DA:5,54
DA:8,0
DA:12,17
DA:14,17
DA:15,17
DA:16,17
DA:17,17
DA:21,27
DA:23,15
DA:24,15
DA:25,15
DA:27,15
DA:31,16
DA:32,4
LF:17
LH:16
BRDA:21,0,0,12
BRDA:21,0,1,15
BRDA:31,1,0,12
BRDA:31,1,1,4
BRF:4
BRH:4
end_of_record
